#
# There is insufficient memory for the Java Runtime Environment to continue.
# Native memory allocation (malloc) failed to allocate 4092 bytes for AllocateHeap
# Possible reasons:
#   The system is out of physical RAM or swap space
#   In 32 bit mode, the process size limit was hit
# Possible solutions:
#   Reduce memory load on the system
#   Increase physical memory or swap space
#   Check if swap backing store is full
#   Use 64 bit Java on a 64 bit OS
#   Decrease Java heap size (-Xmx/-Xms)
#   Decrease number of Java threads
#   Decrease Java thread stack sizes (-Xss)
#   Set larger code cache with -XX:ReservedCodeCacheSize=
# This output file may be truncated or incomplete.
#
#  Out of Memory Error (memory/allocation.inline.hpp:60), pid=5808, tid=4548
#
# JRE version: 7.0_25-b17
# Java VM: Java HotSpot(TM) Client VM (23.25-b01 mixed mode windows-x86 )
# Failed to write core dump. Minidumps are not enabled by default on client versions of Windows
#

---------------  T H R E A D  ---------------

Current thread (0x0148a000):  VMThread [stack: 0x49640000,0x49690000] [id=4548]

Stack: [0x49640000,0x49690000],  sp=0x4968f254,  free space=316k
Native frames: (J=compiled Java code, j=interpreted, Vv=VM code, C=native code)
V  [jvm.dll+0x167e31]
V  [jvm.dll+0x162255]
V  [jvm.dll+0x20bb69]
V  [jvm.dll+0x16d11f]
V  [jvm.dll+0x623e6]
V  [jvm.dll+0x624fc]
V  [jvm.dll+0x626b6]
V  [jvm.dll+0x80e0f]
V  [jvm.dll+0x620fe]
V  [jvm.dll+0x62438]
V  [jvm.dll+0x624fc]
V  [jvm.dll+0x84703]
V  [jvm.dll+0x70913]
V  [jvm.dll+0x619dd]
V  [jvm.dll+0x6773c]
V  [jvm.dll+0x61df7]
V  [jvm.dll+0x68742]
V  [jvm.dll+0x5fdd3]
V  [jvm.dll+0x16ff76]
V  [jvm.dll+0x149235]
V  [jvm.dll+0x1483ae]
V  [jvm.dll+0x148737]
V  [jvm.dll+0x148c02]
V  [jvm.dll+0x177bb9]
C  [msvcr100.dll+0x5c6de]
C  [msvcr100.dll+0x5c788]
C  [kernel32.dll+0x51154]
C  [ntdll.dll+0x5b299]
C  [ntdll.dll+0x5b26c]

VM_Operation (0x4a28f110): GenCollectForAllocation, mode: safepoint, requested by thread 0x497d7c00


---------------  P R O C E S S  ---------------

Java Threads: ( => current thread )
  0x497d7c00 JavaThread "pool-1-thread-1" [_thread_blocked, id=5076, stack(0x4a240000,0x4a290000)]
  0x496fec00 JavaThread "Service Thread" daemon [_thread_blocked, id=4128, stack(0x49c10000,0x49c60000)]
  0x496f3000 JavaThread "C1 CompilerThread0" daemon [_thread_blocked, id=5592, stack(0x49c80000,0x49cd0000)]
  0x496f1c00 JavaThread "Attach Listener" daemon [_thread_blocked, id=5348, stack(0x49ba0000,0x49bf0000)]
  0x496ee800 JavaThread "Signal Dispatcher" daemon [_thread_blocked, id=4180, stack(0x499e0000,0x49a30000)]
  0x49695000 JavaThread "Finalizer" daemon [_thread_blocked, id=3744, stack(0x49ad0000,0x49b20000)]
  0x0148f800 JavaThread "Reference Handler" daemon [_thread_blocked, id=5344, stack(0x49a40000,0x49a90000)]
  0x0120b800 JavaThread "main" [_thread_blocked, id=5484, stack(0x01140000,0x01190000)]

Other Threads:
=>0x0148a000 VMThread [stack: 0x49640000,0x49690000] [id=4548]
  0x49714400 WatcherThread [stack: 0x49980000,0x499d0000] [id=3016]

VM state:at safepoint (normal execution)

VM Mutex/Monitor currently owned by a thread:  ([mutex/lock_event])
[0x012098d0] Threads_lock - owner thread: 0x0148a000
[0x01209ce0] Heap_lock - owner thread: 0x497d7c00

Heap
 def new generation   total 143552K, used 127616K [0x03490000, 0x0d050000, 0x189e0000)
  eden space 127616K, 100% used [0x03490000, 0x0b130000, 0x0b130000)
  from space 15936K,   0% used [0x0b130000, 0x0b130000, 0x0c0c0000)
  to   space 15936K, 100% used [0x0c0c0000, 0x0d050000, 0x0d050000)
 tenured generation   total 324644K, used 324643K [0x189e0000, 0x2c6e9000, 0x43490000)
   the space 324644K,  99% used [0x189e0000, 0x2c6e8ff8, 0x2c6e9000, 0x2c6e9000)
 compacting perm gen  total 12288K, used 3816K [0x43490000, 0x44090000, 0x47490000)
   the space 12288K,  31% used [0x43490000, 0x4384a1a8, 0x4384a200, 0x44090000)
No shared spaces configured.

Card table byte_map: [0x49290000,0x494c0000] byte_map_base: 0x49275b80

Polling page: 0x00270000

Code Cache  [0x01490000, 0x01848000, 0x03490000)
 total_blobs=2057 nmethods=1909 adapters=82 free_code_cache=28961Kb largest_free_block=29657024

Compilation events (10 events):
Event: 64.144 Thread 0x496f3000 1899             java.util.TreeMap$Entry::getKey (5 bytes)
Event: 64.144 Thread 0x496f3000 nmethod 1899 0x01846708 code [0x01846800, 0x01846880]
Event: 64.165 Thread 0x496f3000 1900             com.android.dx.dex.code.CatchTable$Entry::<init> (66 bytes)
Event: 64.166 Thread 0x496f3000 nmethod 1900 0x018468c8 code [0x018469f0, 0x01846bf4]
Event: 64.209 Thread 0x496f3000 1901             java.util.ComparableTimSort::gallopLeft (327 bytes)
Event: 64.209 Thread 0x496f3000 nmethod 1901 0x01846d48 code [0x01846ea0, 0x018471b0]
Event: 64.320 Thread 0x496f3000 1902             java.util.TreeMap$Entry::setValue (12 bytes)
Event: 64.321 Thread 0x496f3000 nmethod 1902 0x018474c8 code [0x018475c0, 0x01847650]
Event: 64.474 Thread 0x496f3000 1903             com.android.dx.dex.code.form.Form21h::codeSize (2 bytes)
Event: 64.474 Thread 0x496f3000 nmethod 1903 0x01847688 code [0x01847780, 0x01847800]

GC Heap History (10 events):
Event: 28.462 GC heap after
Heap after GC invocations=63 (full 10):
 def new generation   total 118912K, used 12395K [0x03490000, 0x0b590000, 0x189e0000)
  eden space 105728K,  11% used [0x03490000, 0x040aaeb0, 0x09bd0000)
  from space 13184K,   0% used [0x09bd0000, 0x09bd0000, 0x0a8b0000)
  to   space 13184K,   0% used [0x0a8b0000, 0x0a8b0000, 0x0b590000)
 tenured generation   total 264132K, used 264129K [0x189e0000, 0x28bd1000, 0x43490000)
   the space 264132K,  99% used [0x189e0000, 0x28bd07f8, 0x28bd0800, 0x28bd1000)
 compacting perm gen  total 12288K, used 3717K [0x43490000, 0x44090000, 0x47490000)
   the space 12288K,  30% used [0x43490000, 0x43831598, 0x43831600, 0x44090000)
No shared spaces configured.
}
Event: 29.061 GC heap before
{Heap before GC invocations=63 (full 10):
 def new generation   total 118912K, used 105728K [0x03490000, 0x0b590000, 0x189e0000)
  eden space 105728K, 100% used [0x03490000, 0x09bd0000, 0x09bd0000)
  from space 13184K,   0% used [0x09bd0000, 0x09bd0000, 0x0a8b0000)
  to   space 13184K,   0% used [0x0a8b0000, 0x0a8b0000, 0x0b590000)
 tenured generation   total 264132K, used 264129K [0x189e0000, 0x28bd1000, 0x43490000)
   the space 264132K,  99% used [0x189e0000, 0x28bd07f8, 0x28bd0800, 0x28bd1000)
 compacting perm gen  total 12288K, used 3717K [0x43490000, 0x44090000, 0x47490000)
   the space 12288K,  30% used [0x43490000, 0x43831598, 0x43831600, 0x44090000)
No shared spaces configured.
Event: 40.445 GC heap after
Heap after GC invocations=64 (full 11):
 def new generation   total 125184K, used 13119K [0x03490000, 0x0bc60000, 0x189e0000)
  eden space 111296K,  11% used [0x03490000, 0x0415fe58, 0x0a140000)
  from space 13888K,   0% used [0x0a140000, 0x0a140000, 0x0aed0000)
  to   space 13888K,   0% used [0x0aed0000, 0x0aed0000, 0x0bc60000)
 tenured generation   total 278084K, used 278006K [0x189e0000, 0x29971000, 0x43490000)
   the space 278084K,  99% used [0x189e0000, 0x2995d808, 0x2995da00, 0x29971000)
 compacting perm gen  total 12288K, used 3717K [0x43490000, 0x44090000, 0x47490000)
   the space 12288K,  30% used [0x43490000, 0x43831598, 0x43831600, 0x44090000)
No shared spaces configured.
}
Event: 41.065 GC heap before
{Heap before GC invocations=64 (full 11):
 def new generation   total 125184K, used 111296K [0x03490000, 0x0bc60000, 0x189e0000)
  eden space 111296K, 100% used [0x03490000, 0x0a140000, 0x0a140000)
  from space 13888K,   0% used [0x0a140000, 0x0a140000, 0x0aed0000)
  to   space 13888K,   0% used [0x0aed0000, 0x0aed0000, 0x0bc60000)
 tenured generation   total 278084K, used 278006K [0x189e0000, 0x29971000, 0x43490000)
   the space 278084K,  99% used [0x189e0000, 0x2995d808, 0x2995da00, 0x29971000)
 compacting perm gen  total 12288K, used 3717K [0x43490000, 0x44090000, 0x47490000)
   the space 12288K,  30% used [0x43490000, 0x438315a8, 0x43831600, 0x44090000)
No shared spaces configured.
Event: 46.186 GC heap after
Heap after GC invocations=65 (full 12):
 def new generation   total 131392K, used 10071K [0x03490000, 0x0c320000, 0x189e0000)
  eden space 116800K,   8% used [0x03490000, 0x03e65ef0, 0x0a6a0000)
  from space 14592K,   0% used [0x0a6a0000, 0x0a6a0000, 0x0b4e0000)
  to   space 14592K,   0% used [0x0b4e0000, 0x0b4e0000, 0x0c320000)
 tenured generation   total 291908K, used 291908K [0x189e0000, 0x2a6f1000, 0x43490000)
   the space 291908K, 100% used [0x189e0000, 0x2a6f1000, 0x2a6f1000, 0x2a6f1000)
 compacting perm gen  total 12288K, used 3717K [0x43490000, 0x44090000, 0x47490000)
   the space 12288K,  30% used [0x43490000, 0x43831598, 0x43831600, 0x44090000)
No shared spaces configured.
}
Event: 47.074 GC heap before
{Heap before GC invocations=65 (full 12):
 def new generation   total 131392K, used 116800K [0x03490000, 0x0c320000, 0x189e0000)
  eden space 116800K, 100% used [0x03490000, 0x0a6a0000, 0x0a6a0000)
  from space 14592K,   0% used [0x0a6a0000, 0x0a6a0000, 0x0b4e0000)
  to   space 14592K,   0% used [0x0b4e0000, 0x0b4e0000, 0x0c320000)
 tenured generation   total 291908K, used 291908K [0x189e0000, 0x2a6f1000, 0x43490000)
   the space 291908K, 100% used [0x189e0000, 0x2a6f1000, 0x2a6f1000, 0x2a6f1000)
 compacting perm gen  total 12288K, used 3717K [0x43490000, 0x44090000, 0x47490000)
   the space 12288K,  30% used [0x43490000, 0x43831598, 0x43831600, 0x44090000)
No shared spaces configured.
Event: 49.452 GC heap after
Heap after GC invocations=66 (full 13):
 def new generation   total 136512K, used 14539K [0x03490000, 0x0c8a0000, 0x189e0000)
  eden space 121408K,  11% used [0x03490000, 0x042c2ed0, 0x0ab20000)
  from space 15104K,   0% used [0x0ab20000, 0x0ab20000, 0x0b9e0000)
  to   space 15104K,   0% used [0x0b9e0000, 0x0b9e0000, 0x0c8a0000)
 tenured generation   total 303172K, used 303148K [0x189e0000, 0x2b1f1000, 0x43490000)
   the space 303172K,  99% used [0x189e0000, 0x2b1eb378, 0x2b1eb400, 0x2b1f1000)
 compacting perm gen  total 12288K, used 3717K [0x43490000, 0x44090000, 0x47490000)
   the space 12288K,  30% used [0x43490000, 0x43831598, 0x43831600, 0x44090000)
No shared spaces configured.
}
Event: 50.275 GC heap before
{Heap before GC invocations=66 (full 13):
 def new generation   total 136512K, used 121408K [0x03490000, 0x0c8a0000, 0x189e0000)
  eden space 121408K, 100% used [0x03490000, 0x0ab20000, 0x0ab20000)
  from space 15104K,   0% used [0x0ab20000, 0x0ab20000, 0x0b9e0000)
  to   space 15104K,   0% used [0x0b9e0000, 0x0b9e0000, 0x0c8a0000)
 tenured generation   total 303172K, used 303148K [0x189e0000, 0x2b1f1000, 0x43490000)
   the space 303172K,  99% used [0x189e0000, 0x2b1eb378, 0x2b1eb400, 0x2b1f1000)
 compacting perm gen  total 12288K, used 3717K [0x43490000, 0x44090000, 0x47490000)
   the space 12288K,  30% used [0x43490000, 0x438315a8, 0x43831600, 0x44090000)
No shared spaces configured.
Event: 58.280 GC heap after
Heap after GC invocations=67 (full 14):
 def new generation   total 143552K, used 15046K [0x03490000, 0x0d050000, 0x189e0000)
  eden space 127616K,  11% used [0x03490000, 0x043418f0, 0x0b130000)
  from space 15936K,   0% used [0x0b130000, 0x0b130000, 0x0c0c0000)
  to   space 15936K,   0% used [0x0c0c0000, 0x0c0c0000, 0x0d050000)
 tenured generation   total 318916K, used 318863K [0x189e0000, 0x2c151000, 0x43490000)
   the space 318916K,  99% used [0x189e0000, 0x2c143d58, 0x2c143e00, 0x2c151000)
 compacting perm gen  total 12288K, used 3717K [0x43490000, 0x44090000, 0x47490000)
   the space 12288K,  30% used [0x43490000, 0x438315a8, 0x43831600, 0x44090000)
No shared spaces configured.
}
Event: 64.545 GC heap before
{Heap before GC invocations=67 (full 14):
 def new generation   total 143552K, used 127616K [0x03490000, 0x0d050000, 0x189e0000)
  eden space 127616K, 100% used [0x03490000, 0x0b130000, 0x0b130000)
  from space 15936K,   0% used [0x0b130000, 0x0b130000, 0x0c0c0000)
  to   space 15936K,   0% used [0x0c0c0000, 0x0c0c0000, 0x0d050000)
 tenured generation   total 318916K, used 318863K [0x189e0000, 0x2c151000, 0x43490000)
   the space 318916K,  99% used [0x189e0000, 0x2c143d58, 0x2c143e00, 0x2c151000)
 compacting perm gen  total 12288K, used 3816K [0x43490000, 0x44090000, 0x47490000)
   the space 12288K,  31% used [0x43490000, 0x4384a1a8, 0x4384a200, 0x44090000)
No shared spaces configured.

Deoptimization events (0 events):
No events

Internal exceptions (10 events):
Event: 62.299 Thread 0x497d7c00 Threw 0x075c6a18 at C:\jdk7u2_32P\jdk7u25\hotspot\src\share\vm\prims\jvm.cpp:1235
Event: 62.300 Thread 0x497d7c00 Threw 0x075cbcf0 at C:\jdk7u2_32P\jdk7u25\hotspot\src\share\vm\prims\jvm.cpp:1235
Event: 62.301 Thread 0x497d7c00 Threw 0x075d1fc8 at C:\jdk7u2_32P\jdk7u25\hotspot\src\share\vm\prims\jvm.cpp:1235
Event: 62.330 Thread 0x497d7c00 Threw 0x075d4c48 at C:\jdk7u2_32P\jdk7u25\hotspot\src\share\vm\prims\jvm.cpp:1235
Event: 62.331 Thread 0x497d7c00 Threw 0x075da528 at C:\jdk7u2_32P\jdk7u25\hotspot\src\share\vm\prims\jvm.cpp:1235
Event: 62.332 Thread 0x497d7c00 Threw 0x075de990 at C:\jdk7u2_32P\jdk7u25\hotspot\src\share\vm\prims\jvm.cpp:1235
Event: 62.381 Thread 0x497d7c00 Threw 0x075f7bc0 at C:\jdk7u2_32P\jdk7u25\hotspot\src\share\vm\prims\jvm.cpp:1235
Event: 62.501 Thread 0x497d7c00 Threw 0x07774838 at C:\jdk7u2_32P\jdk7u25\hotspot\src\share\vm\prims\jvm.cpp:1235
Event: 62.502 Thread 0x497d7c00 Threw 0x07777b30 at C:\jdk7u2_32P\jdk7u25\hotspot\src\share\vm\prims\jvm.cpp:1235
Event: 62.503 Thread 0x497d7c00 Threw 0x0777c290 at C:\jdk7u2_32P\jdk7u25\hotspot\src\share\vm\prims\jvm.cpp:1235

Events (10 events):
Event: 62.332 loading class 0x4a36f4a0 done
Event: 62.381 loading class 0x49835828
Event: 62.381 loading class 0x49835828 done
Event: 62.501 loading class 0x4a4ee670
Event: 62.501 loading class 0x4a4ee670 done
Event: 62.502 loading class 0x4a369a40
Event: 62.502 loading class 0x4a369a40 done
Event: 62.503 loading class 0x49748c20
Event: 62.503 loading class 0x49748c20 done
Event: 64.545 Executing VM operation: GenCollectForAllocation


Dynamic libraries:
0x01360000 - 0x0138f000 	C:\Program Files\Java\jdk1.7.0_25\bin\java.exe
0x76ea0000 - 0x76fdc000 	C:\windows\SYSTEM32\ntdll.dll
0x76470000 - 0x76544000 	C:\windows\system32\kernel32.dll
0x752c0000 - 0x7530b000 	C:\windows\system32\KERNELBASE.dll
0x754f0000 - 0x75590000 	C:\windows\system32\ADVAPI32.dll
0x76600000 - 0x766ac000 	C:\windows\system32\msvcrt.dll
0x765e0000 - 0x765f9000 	C:\windows\SYSTEM32\sechost.dll
0x76df0000 - 0x76e91000 	C:\windows\system32\RPCRT4.dll
0x76a40000 - 0x76b09000 	C:\windows\system32\USER32.dll
0x76420000 - 0x7646e000 	C:\windows\system32\GDI32.dll
0x77030000 - 0x7703a000 	C:\windows\system32\LPK.dll
0x75730000 - 0x757ce000 	C:\windows\system32\USP10.dll
0x73f20000 - 0x740be000 	C:\windows\WinSxS\x86_microsoft.windows.common-controls_6595b64144ccf1df_6.0.7600.16661_none_420fe3fa2b8113bd\COMCTL32.dll
0x769e0000 - 0x76a37000 	C:\windows\system32\SHLWAPI.dll
0x76d50000 - 0x76d6f000 	C:\windows\system32\IMM32.DLL
0x76750000 - 0x7681c000 	C:\windows\system32\MSCTF.dll
0x68340000 - 0x683fe000 	C:\Program Files\Java\jdk1.7.0_25\jre\bin\msvcr100.dll
0x67ff0000 - 0x68332000 	C:\Program Files\Java\jdk1.7.0_25\jre\bin\client\jvm.dll
0x70860000 - 0x70867000 	C:\windows\system32\WSOCK32.dll
0x76fe0000 - 0x77015000 	C:\windows\system32\WS2_32.dll
0x766b0000 - 0x766b6000 	C:\windows\system32\NSI.dll
0x737c0000 - 0x737f2000 	C:\windows\system32\WINMM.dll
0x77090000 - 0x77095000 	C:\windows\system32\PSAPI.DLL
0x74180000 - 0x7418c000 	C:\Program Files\Java\jdk1.7.0_25\jre\bin\verify.dll
0x74160000 - 0x74180000 	C:\Program Files\Java\jdk1.7.0_25\jre\bin\java.dll
0x6d780000 - 0x6d793000 	C:\Program Files\Java\jdk1.7.0_25\jre\bin\zip.dll
0x6d760000 - 0x6d774000 	C:\Program Files\Java\jdk1.7.0_25\jre\bin\net.dll
0x74a70000 - 0x74aac000 	C:\windows\system32\mswsock.dll
0x74a60000 - 0x74a66000 	C:\windows\System32\wship6.dll
0x74150000 - 0x7415f000 	C:\Program Files\Java\jdk1.7.0_25\jre\bin\nio.dll
0x62210000 - 0x622fb000 	C:\windows\system32\dbghelp.dll

VM Arguments:
jvm_args: -Djava.awt.headless=true -Xmx1024M -Dfile.encoding=windows-1252 -Duser.country=US -Duser.language=en -Duser.variant 
java_command: com.android.dx.command.Main --dex --verbose --num-threads=4 --multi-dex --main-dex-list C:\Users\Chyma\Videos\C#\iwin2\app\build\intermediates\multi-dex\debug\maindexlist.txt --output C:\Users\Chyma\Videos\C#\iwin2\app\build\intermediates\transforms\dex\debug\folders\1000\1f\main C:\Users\Chyma\Videos\C#\iwin2\app\build\intermediates\transforms\jarMerging\debug\jars\1\1f\combined.jar
Launcher Type: SUN_STANDARD

Environment Variables:
JAVA_HOME=C:\Program Files\Java\jdk1.7.0_25
PATH=C:\Program Files\Common Files\Microsoft Shared\Windows Live;C:\windows\system32;C:\windows;C:\windows\System32\Wbem;C:\windows\System32\WindowsPowerShell\v1.0\;c:\Program Files\Common Files\Roxio Shared\DLLShared\;c:\Program Files\Common Files\Roxio Shared\10.0\DLLShared\;C:\Program Files\MATLAB\R2010BC\runtime\win32;C:\Program Files\MATLAB\R2010BC\bin;C:\Program Files\Microsoft ASP.NET\ASP.NET Web Pages\v1.0\;C:\Program Files\Windows Kits\8.0\Windows Performance Toolkit\;C:\Program Files\Microsoft SQL Server\110\Tools\Binn\;C:\Program Files\nodejs\;C:\Program Files\Windows Live\Shared;C:\Program Files\Microsoft\Web Platform Installer\;c:\Program Files\Microsoft SQL Server\100\Tools\Binn\VSShell\Common7\IDE\;c:\Program Files\Microsoft SQL Server\100\Tools\Binn\;c:\Program Files\Microsoft SQL Server\100\DTS\Binn\;C:\Program Files\Java\jdk1.7.0_25\bin;C:\jcodes\tools\apache-maven-3.0.3\bin;C:\jcodes\tools\apache-ant-1.8.1\bin;C:\jcodes\tools\axis2-1.6.2\bin;C:\Program Files\TortoiseHg\;C:\Users\Chyma\AppData\Roaming\npm
USERNAME=Chyma
OS=Windows_NT
PROCESSOR_IDENTIFIER=x86 Family 6 Model 23 Stepping 10, GenuineIntel



---------------  S Y S T E M  ---------------

OS: Windows 7 Build 7600 

CPU:total 2 (2 cores per cpu, 1 threads per core) family 6 model 23 stepping 10, cmov, cx8, fxsr, mmx, sse, sse2, sse3, ssse3, tsc

Memory: 4k page, physical 2023696k(92552k free), swap 3037280k(5276k free)

vm_info: Java HotSpot(TM) Client VM (23.25-b01) for windows-x86 JRE (1.7.0_25-b17), built on Jun 21 2013 13:06:48 by "java_re" with unknown MS VC++:1600

time: Sun May 22 12:22:42 2016
elapsed time: 84 seconds

