#
# There is insufficient memory for the Java Runtime Environment to continue.
# Native memory allocation (malloc) failed to allocate 80044 bytes for AllocateHeap
# Possible reasons:
#   The system is out of physical RAM or swap space
#   In 32 bit mode, the process size limit was hit
# Possible solutions:
#   Reduce memory load on the system
#   Increase physical memory or swap space
#   Check if swap backing store is full
#   Use 64 bit Java on a 64 bit OS
#   Decrease Java heap size (-Xmx/-Xms)
#   Decrease number of Java threads
#   Decrease Java thread stack sizes (-Xss)
#   Set larger code cache with -XX:ReservedCodeCacheSize=
# This output file may be truncated or incomplete.
#
#  Out of Memory Error (memory/allocation.inline.hpp:60), pid=1120, tid=3324
#
# JRE version: 7.0_25-b17
# Java VM: Java HotSpot(TM) Client VM (23.25-b01 mixed mode windows-x86 )
# Failed to write core dump. Minidumps are not enabled by default on client versions of Windows
#

---------------  T H R E A D  ---------------

Current thread (0x0131b800):  JavaThread "Unknown thread" [_thread_in_vm, id=3324, stack(0x01350000,0x013a0000)]

Stack: [0x01350000,0x013a0000],  sp=0x0139f820,  free space=318k
Native frames: (J=compiled Java code, j=interpreted, Vv=VM code, C=native code)
V  [jvm.dll+0x167e31]
V  [jvm.dll+0x162255]
V  [jvm.dll+0x1a2e9]
V  [jvm.dll+0x7403b]
V  [jvm.dll+0x123844]
V  [jvm.dll+0x1439cc]
V  [jvm.dll+0xa619f]
C  [java.exe+0x13bd]
C  [java.exe+0x1e2f]
C  [java.exe+0xa5a1]
C  [java.exe+0xa62b]
C  [kernel32.dll+0x51154]
C  [ntdll.dll+0x5b299]
C  [ntdll.dll+0x5b26c]


---------------  P R O C E S S  ---------------

Java Threads: ( => current thread )

Other Threads:

=>0x0131b800 (exited) JavaThread "Unknown thread" [_thread_in_vm, id=3324, stack(0x01350000,0x013a0000)]

VM state:not at safepoint (not fully initialized)

VM Mutex/Monitor currently owned by a thread: None

GC Heap History (0 events):
No events

Deoptimization events (0 events):
No events

Internal exceptions (0 events):
No events

Events (0 events):
No events


Dynamic libraries:
0x011c0000 - 0x011ef000 	C:\Program Files\Java\jdk1.7.0_25\bin\java.exe
0x771f0000 - 0x7732c000 	C:\windows\SYSTEM32\ntdll.dll
0x75680000 - 0x75754000 	C:\windows\system32\kernel32.dll
0x75610000 - 0x7565b000 	C:\windows\system32\KERNELBASE.dll
0x75810000 - 0x758b0000 	C:\windows\system32\ADVAPI32.dll
0x75760000 - 0x7580c000 	C:\windows\system32\msvcrt.dll
0x75d60000 - 0x75d79000 	C:\windows\SYSTEM32\sechost.dll
0x76ec0000 - 0x76f61000 	C:\windows\system32\RPCRT4.dll
0x77000000 - 0x770c9000 	C:\windows\system32\USER32.dll
0x758b0000 - 0x758fe000 	C:\windows\system32\GDI32.dll
0x76ff0000 - 0x76ffa000 	C:\windows\system32\LPK.dll
0x75cc0000 - 0x75d5e000 	C:\windows\system32\USP10.dll
0x742d0000 - 0x7446e000 	C:\windows\WinSxS\x86_microsoft.windows.common-controls_6595b64144ccf1df_6.0.7600.16661_none_420fe3fa2b8113bd\COMCTL32.dll
0x75d80000 - 0x75dd7000 	C:\windows\system32\SHLWAPI.dll
0x76cf0000 - 0x76d0f000 	C:\windows\system32\IMM32.DLL
0x75990000 - 0x75a5c000 	C:\windows\system32\MSCTF.dll
0x68f00000 - 0x68fbe000 	C:\Program Files\Java\jdk1.7.0_25\jre\bin\msvcr100.dll
0x68270000 - 0x685b2000 	C:\Program Files\Java\jdk1.7.0_25\jre\bin\client\jvm.dll
0x70bb0000 - 0x70bb7000 	C:\windows\system32\WSOCK32.dll
0x75c80000 - 0x75cb5000 	C:\windows\system32\WS2_32.dll
0x76d10000 - 0x76d16000 	C:\windows\system32\NSI.dll
0x73b40000 - 0x73b72000 	C:\windows\system32\WINMM.dll
0x76ce0000 - 0x76ce5000 	C:\windows\system32\PSAPI.DLL
0x69580000 - 0x6958c000 	C:\Program Files\Java\jdk1.7.0_25\jre\bin\verify.dll
0x69470000 - 0x69490000 	C:\Program Files\Java\jdk1.7.0_25\jre\bin\java.dll
0x69350000 - 0x69363000 	C:\Program Files\Java\jdk1.7.0_25\jre\bin\zip.dll

VM Arguments:
jvm_args: -Djava.awt.headless=true -Xmx1024M -Dfile.encoding=windows-1252 -Duser.country=US -Duser.language=en -Duser.variant 
java_command: com.android.dx.command.Main --dex --verbose --force-jumbo --num-threads=4 --multi-dex --output C:\Users\Chyma\Videos\C#\iwin2\app\build\intermediates\transforms\dex\debug\folders\1000\10\com.android.support-animated-vector-drawable-23.3.0_a04c2dca32c5ca64c263f247ab798aa024fab2ff C:\Users\Chyma\Videos\C#\iwin2\app\build\intermediates\exploded-aar\com.android.support\animated-vector-drawable\23.3.0\jars\classes.jar
Launcher Type: SUN_STANDARD

Environment Variables:
JAVA_HOME=C:\Program Files\Java\jdk1.7.0_25
PATH=C:\Program Files\Common Files\Microsoft Shared\Windows Live;C:\windows\system32;C:\windows;C:\windows\System32\Wbem;C:\windows\System32\WindowsPowerShell\v1.0\;c:\Program Files\Common Files\Roxio Shared\DLLShared\;c:\Program Files\Common Files\Roxio Shared\10.0\DLLShared\;C:\Program Files\MATLAB\R2010BC\runtime\win32;C:\Program Files\MATLAB\R2010BC\bin;C:\Program Files\Microsoft ASP.NET\ASP.NET Web Pages\v1.0\;C:\Program Files\Windows Kits\8.0\Windows Performance Toolkit\;C:\Program Files\Microsoft SQL Server\110\Tools\Binn\;C:\Program Files\nodejs\;C:\Program Files\Windows Live\Shared;C:\Program Files\Microsoft\Web Platform Installer\;c:\Program Files\Microsoft SQL Server\100\Tools\Binn\VSShell\Common7\IDE\;c:\Program Files\Microsoft SQL Server\100\Tools\Binn\;c:\Program Files\Microsoft SQL Server\100\DTS\Binn\;C:\Program Files\Java\jdk1.7.0_25\bin;C:\jcodes\tools\apache-maven-3.0.3\bin;C:\jcodes\tools\apache-ant-1.8.1\bin;C:\jcodes\tools\axis2-1.6.2\bin;C:\Program Files\TortoiseHg\;C:\Users\Chyma\AppData\Roaming\npm
USERNAME=Chyma
OS=Windows_NT
PROCESSOR_IDENTIFIER=x86 Family 6 Model 23 Stepping 10, GenuineIntel



---------------  S Y S T E M  ---------------

OS: Windows 7 Build 7600 

CPU:total 2 (2 cores per cpu, 1 threads per core) family 6 model 23 stepping 10, cmov, cx8, fxsr, mmx, sse, sse2, sse3, ssse3, tsc

Memory: 4k page, physical 2023696k(75600k free), swap 3591616k(5156k free)

vm_info: Java HotSpot(TM) Client VM (23.25-b01) for windows-x86 JRE (1.7.0_25-b17), built on Jun 21 2013 13:06:48 by "java_re" with unknown MS VC++:1600

time: Mon May 30 19:21:48 2016
elapsed time: 0 seconds

