#
# There is insufficient memory for the Java Runtime Environment to continue.
# Native memory allocation (malloc) failed to allocate 4092 bytes for AllocateHeap
# Possible reasons:
#   The system is out of physical RAM or swap space
#   In 32 bit mode, the process size limit was hit
# Possible solutions:
#   Reduce memory load on the system
#   Increase physical memory or swap space
#   Check if swap backing store is full
#   Use 64 bit Java on a 64 bit OS
#   Decrease Java heap size (-Xmx/-Xms)
#   Decrease number of Java threads
#   Decrease Java thread stack sizes (-Xss)
#   Set larger code cache with -XX:ReservedCodeCacheSize=
# This output file may be truncated or incomplete.
#
#  Out of Memory Error (memory/allocation.inline.hpp:60), pid=5772, tid=6044
#
# JRE version: 7.0_25-b17
# Java VM: Java HotSpot(TM) Client VM (23.25-b01 mixed mode windows-x86 )
# Failed to write core dump. Minidumps are not enabled by default on client versions of Windows
#

---------------  T H R E A D  ---------------

Current thread (0x014aa000):  VMThread [stack: 0x497e0000,0x49830000] [id=6044]

Stack: [0x497e0000,0x49830000],  sp=0x4982f1f4,  free space=316k
Native frames: (J=compiled Java code, j=interpreted, Vv=VM code, C=native code)
V  [jvm.dll+0x167e31]
V  [jvm.dll+0x162255]
V  [jvm.dll+0x20bb69]
V  [jvm.dll+0x16d11f]
V  [jvm.dll+0x9d74f]
V  [jvm.dll+0x9d8f0]
V  [jvm.dll+0x16d502]
V  [jvm.dll+0x16d941]
V  [jvm.dll+0x72876]
V  [jvm.dll+0x6ec44]
V  [jvm.dll+0x68cff]
V  [jvm.dll+0x6ab6f]
V  [jvm.dll+0x6b020]
V  [jvm.dll+0x69b37]
V  [jvm.dll+0x71363]
V  [jvm.dll+0x68742]
V  [jvm.dll+0x5fdd3]
V  [jvm.dll+0x16ff76]
V  [jvm.dll+0x149235]
V  [jvm.dll+0x1483ae]
V  [jvm.dll+0x148737]
V  [jvm.dll+0x148c02]
V  [jvm.dll+0x177bb9]
C  [msvcr100.dll+0x5c6de]
C  [msvcr100.dll+0x5c788]
C  [kernel32.dll+0x51154]
C  [ntdll.dll+0x5b299]  RtlInitializeExceptionChain+0x63
C  [ntdll.dll+0x5b26c]  RtlInitializeExceptionChain+0x36

VM_Operation (0x4a07f560): GenCollectForAllocation, mode: safepoint, requested by thread 0x499c0000


---------------  P R O C E S S  ---------------

Java Threads: ( => current thread )
  0x499c0000 JavaThread "pool-1-thread-1" [_thread_blocked, id=5200, stack(0x4a030000,0x4a080000)]
  0x498a7c00 JavaThread "Service Thread" daemon [_thread_blocked, id=5812, stack(0x49c20000,0x49c70000)]
  0x49893000 JavaThread "C1 CompilerThread0" daemon [_thread_blocked, id=1100, stack(0x496e0000,0x49730000)]
  0x49891c00 JavaThread "Attach Listener" daemon [_thread_blocked, id=2084, stack(0x49640000,0x49690000)]
  0x4988e800 JavaThread "Signal Dispatcher" daemon [_thread_blocked, id=7684, stack(0x49a60000,0x49ab0000)]
  0x49835000 JavaThread "Finalizer" daemon [_thread_blocked, id=5028, stack(0x49ad0000,0x49b20000)]
  0x014af800 JavaThread "Reference Handler" daemon [_thread_blocked, id=5460, stack(0x49760000,0x497b0000)]
  0x0117b800 JavaThread "main" [_thread_blocked, id=5584, stack(0x01220000,0x01270000)]

Other Threads:
=>0x014aa000 VMThread [stack: 0x497e0000,0x49830000] [id=6044]
  0x498c4800 WatcherThread [stack: 0x49690000,0x496e0000] [id=7020]

VM state:at safepoint (normal execution)

VM Mutex/Monitor currently owned by a thread:  ([mutex/lock_event])
[0x011798d0] Threads_lock - owner thread: 0x014aa000
[0x01179ce0] Heap_lock - owner thread: 0x499c0000

Heap
 def new generation   total 172416K, used 172415K [0x034b0000, 0x0efc0000, 0x18a00000)
  eden space 153280K, 100% used [0x034b0000, 0x0ca60000, 0x0ca60000)
  from space 19136K,  99% used [0x0dd10000, 0x0efbfff8, 0x0efc0000)
  to   space 19136K,   0% used [0x0ca60000, 0x0ca60000, 0x0dd10000)
 tenured generation   total 400220K, used 400220K [0x18a00000, 0x310d7000, 0x434b0000)
   the space 400220K, 100% used [0x18a00000, 0x310d7000, 0x310d7000, 0x310d7000)
 compacting perm gen  total 12288K, used 3816K [0x434b0000, 0x440b0000, 0x474b0000)
   the space 12288K,  31% used [0x434b0000, 0x4386a158, 0x4386a200, 0x440b0000)
No shared spaces configured.

Card table byte_map: [0x492b0000,0x494e0000] byte_map_base: 0x49295a80

Polling page: 0x001a0000

Code Cache  [0x014b0000, 0x01860000, 0x034b0000)
 total_blobs=2031 nmethods=1883 adapters=82 free_code_cache=29003Kb largest_free_block=29699264

Compilation events (10 events):
Event: 101.456 Thread 0x49893000 1873             java.util.ComparableTimSort::gallopRight (327 bytes)
Event: 101.457 Thread 0x49893000 nmethod 1873 0x0185a4c8 code [0x0185a620, 0x0185a940]
Event: 101.511 Thread 0x49893000 1874             com.android.dx.dex.code.form.Form3rc::codeSize (2 bytes)
Event: 101.511 Thread 0x49893000 nmethod 1874 0x0185ac48 code [0x0185ad40, 0x0185adc0]
Event: 101.517 Thread 0x49893000 1875             com.android.dx.dex.code.SimpleInsn::withOpcode (17 bytes)
Event: 101.517 Thread 0x49893000 nmethod 1875 0x0185ae08 code [0x0185af10, 0x0185affc]
Event: 101.531 Thread 0x49893000 1876             com.android.dx.dex.file.CatchStructs::encode (304 bytes)
Event: 101.534 Thread 0x49893000 nmethod 1876 0x0185b0c8 code [0x0185b3b0, 0x0185bf28]
Event: 101.545 Thread 0x49893000 1877             com.android.dex.Leb128::writeUnsignedLeb128 (46 bytes)
Event: 101.545 Thread 0x49893000 nmethod 1877 0x0185d0c8 code [0x0185d1e0, 0x0185d2b8]

GC Heap History (10 events):
Event: 68.587 GC heap after
Heap after GC invocations=64 (full 7):
 def new generation   total 166400K, used 18432K [0x034b0000, 0x0e930000, 0x18a00000)
  eden space 147968K,   0% used [0x034b0000, 0x034b0000, 0x0c530000)
  from space 18432K, 100% used [0x0c530000, 0x0d730000, 0x0d730000)
  to   space 18432K,   0% used [0x0d730000, 0x0d730000, 0x0e930000)
 tenured generation   total 369540K, used 296521K [0x18a00000, 0x2f2e1000, 0x434b0000)
   the space 369540K,  80% used [0x18a00000, 0x2ab92770, 0x2ab92800, 0x2f2e1000)
 compacting perm gen  total 12288K, used 3717K [0x434b0000, 0x440b0000, 0x474b0000)
   the space 12288K,  30% used [0x434b0000, 0x43851728, 0x43851800, 0x440b0000)
No shared spaces configured.
}
Event: 78.149 GC heap before
{Heap before GC invocations=64 (full 7):
 def new generation   total 166400K, used 166400K [0x034b0000, 0x0e930000, 0x18a00000)
  eden space 147968K, 100% used [0x034b0000, 0x0c530000, 0x0c530000)
  from space 18432K, 100% used [0x0c530000, 0x0d730000, 0x0d730000)
  to   space 18432K,   0% used [0x0d730000, 0x0d730000, 0x0e930000)
 tenured generation   total 369540K, used 296521K [0x18a00000, 0x2f2e1000, 0x434b0000)
   the space 369540K,  80% used [0x18a00000, 0x2ab92770, 0x2ab92800, 0x2f2e1000)
 compacting perm gen  total 12288K, used 3717K [0x434b0000, 0x440b0000, 0x474b0000)
   the space 12288K,  30% used [0x434b0000, 0x43851728, 0x43851800, 0x440b0000)
No shared spaces configured.
Event: 78.495 GC heap after
Heap after GC invocations=65 (full 7):
 def new generation   total 166400K, used 18432K [0x034b0000, 0x0e930000, 0x18a00000)
  eden space 147968K,   0% used [0x034b0000, 0x034b0000, 0x0c530000)
  from space 18432K, 100% used [0x0d730000, 0x0e930000, 0x0e930000)
  to   space 18432K,   0% used [0x0c530000, 0x0c530000, 0x0d730000)
 tenured generation   total 369540K, used 316819K [0x18a00000, 0x2f2e1000, 0x434b0000)
   the space 369540K,  85% used [0x18a00000, 0x2bf64e58, 0x2bf65000, 0x2f2e1000)
 compacting perm gen  total 12288K, used 3717K [0x434b0000, 0x440b0000, 0x474b0000)
   the space 12288K,  30% used [0x434b0000, 0x43851728, 0x43851800, 0x440b0000)
No shared spaces configured.
}
Event: 84.610 GC heap before
{Heap before GC invocations=65 (full 7):
 def new generation   total 166400K, used 166400K [0x034b0000, 0x0e930000, 0x18a00000)
  eden space 147968K, 100% used [0x034b0000, 0x0c530000, 0x0c530000)
  from space 18432K, 100% used [0x0d730000, 0x0e930000, 0x0e930000)
  to   space 18432K,   0% used [0x0c530000, 0x0c530000, 0x0d730000)
 tenured generation   total 369540K, used 316819K [0x18a00000, 0x2f2e1000, 0x434b0000)
   the space 369540K,  85% used [0x18a00000, 0x2bf64e58, 0x2bf65000, 0x2f2e1000)
 compacting perm gen  total 12288K, used 3717K [0x434b0000, 0x440b0000, 0x474b0000)
   the space 12288K,  30% used [0x434b0000, 0x43851788, 0x43851800, 0x440b0000)
No shared spaces configured.
Event: 84.875 GC heap after
Heap after GC invocations=66 (full 7):
 def new generation   total 166400K, used 18432K [0x034b0000, 0x0e930000, 0x18a00000)
  eden space 147968K,   0% used [0x034b0000, 0x034b0000, 0x0c530000)
  from space 18432K, 100% used [0x0c530000, 0x0d730000, 0x0d730000)
  to   space 18432K,   0% used [0x0d730000, 0x0d730000, 0x0e930000)
 tenured generation   total 369540K, used 339666K [0x18a00000, 0x2f2e1000, 0x434b0000)
   the space 369540K,  91% used [0x18a00000, 0x2d5b4b70, 0x2d5b4c00, 0x2f2e1000)
 compacting perm gen  total 12288K, used 3717K [0x434b0000, 0x440b0000, 0x474b0000)
   the space 12288K,  30% used [0x434b0000, 0x43851788, 0x43851800, 0x440b0000)
No shared spaces configured.
}
Event: 86.314 GC heap before
{Heap before GC invocations=66 (full 7):
 def new generation   total 166400K, used 166400K [0x034b0000, 0x0e930000, 0x18a00000)
  eden space 147968K, 100% used [0x034b0000, 0x0c530000, 0x0c530000)
  from space 18432K, 100% used [0x0c530000, 0x0d730000, 0x0d730000)
  to   space 18432K,   0% used [0x0d730000, 0x0d730000, 0x0e930000)
 tenured generation   total 369540K, used 339666K [0x18a00000, 0x2f2e1000, 0x434b0000)
   the space 369540K,  91% used [0x18a00000, 0x2d5b4b70, 0x2d5b4c00, 0x2f2e1000)
 compacting perm gen  total 12288K, used 3717K [0x434b0000, 0x440b0000, 0x474b0000)
   the space 12288K,  30% used [0x434b0000, 0x43851788, 0x43851800, 0x440b0000)
No shared spaces configured.
Event: 86.536 GC heap after
Heap after GC invocations=67 (full 7):
 def new generation   total 166400K, used 18431K [0x034b0000, 0x0e930000, 0x18a00000)
  eden space 147968K,   0% used [0x034b0000, 0x034b0000, 0x0c530000)
  from space 18432K,  99% used [0x0d730000, 0x0e92fff8, 0x0e930000)
  to   space 18432K,   0% used [0x0c530000, 0x0c530000, 0x0d730000)
 tenured generation   total 369540K, used 361351K [0x18a00000, 0x2f2e1000, 0x434b0000)
   the space 369540K,  97% used [0x18a00000, 0x2eae1fd8, 0x2eae2000, 0x2f2e1000)
 compacting perm gen  total 12288K, used 3717K [0x434b0000, 0x440b0000, 0x474b0000)
   the space 12288K,  30% used [0x434b0000, 0x43851788, 0x43851800, 0x440b0000)
No shared spaces configured.
}
Event: 87.798 GC heap before
{Heap before GC invocations=67 (full 7):
 def new generation   total 166400K, used 166399K [0x034b0000, 0x0e930000, 0x18a00000)
  eden space 147968K, 100% used [0x034b0000, 0x0c530000, 0x0c530000)
  from space 18432K,  99% used [0x0d730000, 0x0e92fff8, 0x0e930000)
  to   space 18432K,   0% used [0x0c530000, 0x0c530000, 0x0d730000)
 tenured generation   total 369540K, used 361351K [0x18a00000, 0x2f2e1000, 0x434b0000)
   the space 369540K,  97% used [0x18a00000, 0x2eae1fd8, 0x2eae2000, 0x2f2e1000)
 compacting perm gen  total 12288K, used 3717K [0x434b0000, 0x440b0000, 0x474b0000)
   the space 12288K,  30% used [0x434b0000, 0x43851798, 0x43851800, 0x440b0000)
No shared spaces configured.
Event: 97.001 GC heap after
Heap after GC invocations=68 (full 8):
 def new generation   total 172416K, used 7234K [0x034b0000, 0x0efc0000, 0x18a00000)
  eden space 153280K,   4% used [0x034b0000, 0x03bc0ad8, 0x0ca60000)
  from space 19136K,   0% used [0x0ca60000, 0x0ca60000, 0x0dd10000)
  to   space 19136K,   0% used [0x0dd10000, 0x0dd10000, 0x0efc0000)
 tenured generation   total 382980K, used 382979K [0x18a00000, 0x30001000, 0x434b0000)
   the space 382980K,  99% used [0x18a00000, 0x30000e30, 0x30001000, 0x30001000)
 compacting perm gen  total 12288K, used 3717K [0x434b0000, 0x440b0000, 0x474b0000)
   the space 12288K,  30% used [0x434b0000, 0x43851588, 0x43851600, 0x440b0000)
No shared spaces configured.
}
Event: 101.649 GC heap before
{Heap before GC invocations=68 (full 8):
 def new generation   total 172416K, used 153280K [0x034b0000, 0x0efc0000, 0x18a00000)
  eden space 153280K, 100% used [0x034b0000, 0x0ca60000, 0x0ca60000)
  from space 19136K,   0% used [0x0ca60000, 0x0ca60000, 0x0dd10000)
  to   space 19136K,   0% used [0x0dd10000, 0x0dd10000, 0x0efc0000)
 tenured generation   total 382980K, used 382979K [0x18a00000, 0x30001000, 0x434b0000)
   the space 382980K,  99% used [0x18a00000, 0x30000e30, 0x30001000, 0x30001000)
 compacting perm gen  total 12288K, used 3816K [0x434b0000, 0x440b0000, 0x474b0000)
   the space 12288K,  31% used [0x434b0000, 0x4386a158, 0x4386a200, 0x440b0000)
No shared spaces configured.

Deoptimization events (0 events):
No events

Internal exceptions (10 events):
Event: 100.688 Thread 0x499c0000 Threw 0x0ac84568 at C:\jdk7u2_32P\jdk7u25\hotspot\src\share\vm\prims\jvm.cpp:1235
Event: 100.689 Thread 0x499c0000 Threw 0x0ac89840 at C:\jdk7u2_32P\jdk7u25\hotspot\src\share\vm\prims\jvm.cpp:1235
Event: 100.690 Thread 0x499c0000 Threw 0x0ac8fb18 at C:\jdk7u2_32P\jdk7u25\hotspot\src\share\vm\prims\jvm.cpp:1235
Event: 100.691 Thread 0x499c0000 Threw 0x0ac92798 at C:\jdk7u2_32P\jdk7u25\hotspot\src\share\vm\prims\jvm.cpp:1235
Event: 100.692 Thread 0x499c0000 Threw 0x0ac97370 at C:\jdk7u2_32P\jdk7u25\hotspot\src\share\vm\prims\jvm.cpp:1235
Event: 100.705 Thread 0x499c0000 Threw 0x0ac9b7d8 at C:\jdk7u2_32P\jdk7u25\hotspot\src\share\vm\prims\jvm.cpp:1235
Event: 100.717 Thread 0x499c0000 Threw 0x0acb4a08 at C:\jdk7u2_32P\jdk7u25\hotspot\src\share\vm\prims\jvm.cpp:1235
Event: 100.809 Thread 0x499c0000 Threw 0x0ae31a70 at C:\jdk7u2_32P\jdk7u25\hotspot\src\share\vm\prims\jvm.cpp:1235
Event: 100.810 Thread 0x499c0000 Threw 0x0ae34d68 at C:\jdk7u2_32P\jdk7u25\hotspot\src\share\vm\prims\jvm.cpp:1235
Event: 100.811 Thread 0x499c0000 Threw 0x0ae394c8 at C:\jdk7u2_32P\jdk7u25\hotspot\src\share\vm\prims\jvm.cpp:1235

Events (10 events):
Event: 100.705 loading class 0x4a2ef708 done
Event: 100.717 loading class 0x499f6ad8
Event: 100.717 loading class 0x499f6ad8 done
Event: 100.809 loading class 0x49978ee8
Event: 100.809 loading class 0x49978ee8 done
Event: 100.810 loading class 0x4a2f3768
Event: 100.810 loading class 0x4a2f3768 done
Event: 100.811 loading class 0x498f9bd8
Event: 100.811 loading class 0x498f9bd8 done
Event: 101.649 Executing VM operation: GenCollectForAllocation


Dynamic libraries:
0x00060000 - 0x0008f000 	C:\Program Files\Java\jdk1.7.0_25\bin\java.exe
0x771f0000 - 0x7732c000 	C:\windows\SYSTEM32\ntdll.dll
0x75680000 - 0x75754000 	C:\windows\system32\kernel32.dll
0x75610000 - 0x7565b000 	C:\windows\system32\KERNELBASE.dll
0x75810000 - 0x758b0000 	C:\windows\system32\ADVAPI32.dll
0x75760000 - 0x7580c000 	C:\windows\system32\msvcrt.dll
0x75d60000 - 0x75d79000 	C:\windows\SYSTEM32\sechost.dll
0x76ec0000 - 0x76f61000 	C:\windows\system32\RPCRT4.dll
0x77000000 - 0x770c9000 	C:\windows\system32\USER32.dll
0x758b0000 - 0x758fe000 	C:\windows\system32\GDI32.dll
0x76ff0000 - 0x76ffa000 	C:\windows\system32\LPK.dll
0x75cc0000 - 0x75d5e000 	C:\windows\system32\USP10.dll
0x742d0000 - 0x7446e000 	C:\windows\WinSxS\x86_microsoft.windows.common-controls_6595b64144ccf1df_6.0.7600.16661_none_420fe3fa2b8113bd\COMCTL32.dll
0x75d80000 - 0x75dd7000 	C:\windows\system32\SHLWAPI.dll
0x76cf0000 - 0x76d0f000 	C:\windows\system32\IMM32.DLL
0x75990000 - 0x75a5c000 	C:\windows\system32\MSCTF.dll
0x683b0000 - 0x6846e000 	C:\Program Files\Java\jdk1.7.0_25\jre\bin\msvcr100.dll
0x62f40000 - 0x63282000 	C:\Program Files\Java\jdk1.7.0_25\jre\bin\client\jvm.dll
0x70bb0000 - 0x70bb7000 	C:\windows\system32\WSOCK32.dll
0x75c80000 - 0x75cb5000 	C:\windows\system32\WS2_32.dll
0x76d10000 - 0x76d16000 	C:\windows\system32\NSI.dll
0x73b40000 - 0x73b72000 	C:\windows\system32\WINMM.dll
0x76ce0000 - 0x76ce5000 	C:\windows\system32\PSAPI.DLL
0x74610000 - 0x7461c000 	C:\Program Files\Java\jdk1.7.0_25\jre\bin\verify.dll
0x73680000 - 0x736a0000 	C:\Program Files\Java\jdk1.7.0_25\jre\bin\java.dll
0x733d0000 - 0x733e3000 	C:\Program Files\Java\jdk1.7.0_25\jre\bin\zip.dll
0x6f950000 - 0x6f964000 	C:\Program Files\Java\jdk1.7.0_25\jre\bin\net.dll
0x74df0000 - 0x74e2c000 	C:\windows\system32\mswsock.dll
0x74de0000 - 0x74de6000 	C:\windows\System32\wship6.dll
0x74600000 - 0x7460f000 	C:\Program Files\Java\jdk1.7.0_25\jre\bin\nio.dll
0x70a50000 - 0x70b3b000 	C:\windows\system32\dbghelp.dll

VM Arguments:
jvm_args: -Djava.awt.headless=true -Xmx1024M -Dfile.encoding=windows-1252 -Duser.country=US -Duser.language=en -Duser.variant 
java_command: com.android.dx.command.Main --dex --verbose --num-threads=4 --multi-dex --main-dex-list C:\Users\Chyma\Videos\C#\iwin2\app\build\intermediates\multi-dex\debug\maindexlist.txt --output C:\Users\Chyma\Videos\C#\iwin2\app\build\intermediates\transforms\dex\debug\folders\1000\1f\main C:\Users\Chyma\Videos\C#\iwin2\app\build\intermediates\transforms\jarMerging\debug\jars\1\1f\combined.jar
Launcher Type: SUN_STANDARD

Environment Variables:
JAVA_HOME=C:\Program Files\Java\jdk1.7.0_25
PATH=C:\Program Files\Common Files\Microsoft Shared\Windows Live;C:\windows\system32;C:\windows;C:\windows\System32\Wbem;C:\windows\System32\WindowsPowerShell\v1.0\;c:\Program Files\Common Files\Roxio Shared\DLLShared\;c:\Program Files\Common Files\Roxio Shared\10.0\DLLShared\;C:\Program Files\MATLAB\R2010BC\runtime\win32;C:\Program Files\MATLAB\R2010BC\bin;C:\Program Files\Microsoft ASP.NET\ASP.NET Web Pages\v1.0\;C:\Program Files\Windows Kits\8.0\Windows Performance Toolkit\;C:\Program Files\Microsoft SQL Server\110\Tools\Binn\;C:\Program Files\nodejs\;C:\Program Files\Windows Live\Shared;C:\Program Files\Microsoft\Web Platform Installer\;c:\Program Files\Microsoft SQL Server\100\Tools\Binn\VSShell\Common7\IDE\;c:\Program Files\Microsoft SQL Server\100\Tools\Binn\;c:\Program Files\Microsoft SQL Server\100\DTS\Binn\;C:\Program Files\Java\jdk1.7.0_25\bin;C:\jcodes\tools\apache-maven-3.0.3\bin;C:\jcodes\tools\apache-ant-1.8.1\bin;C:\jcodes\tools\axis2-1.6.2\bin;C:\Program Files\TortoiseHg\;C:\Users\Chyma\AppData\Roaming\npm
USERNAME=Chyma
OS=Windows_NT
PROCESSOR_IDENTIFIER=x86 Family 6 Model 23 Stepping 10, GenuineIntel



---------------  S Y S T E M  ---------------

OS: Windows 7 Build 7600 

CPU:total 2 (2 cores per cpu, 1 threads per core) family 6 model 23 stepping 10, cmov, cx8, fxsr, mmx, sse, sse2, sse3, ssse3, tsc

Memory: 4k page, physical 2023696k(207468k free), swap 3591616k(1364k free)

vm_info: Java HotSpot(TM) Client VM (23.25-b01) for windows-x86 JRE (1.7.0_25-b17), built on Jun 21 2013 13:06:48 by "java_re" with unknown MS VC++:1600

time: Wed Jun 01 19:17:33 2016
elapsed time: 120 seconds

