#
# There is insufficient memory for the Java Runtime Environment to continue.
# Native memory allocation (malloc) failed to allocate 4924 bytes for AllocateHeap
# Possible reasons:
#   The system is out of physical RAM or swap space
#   In 32 bit mode, the process size limit was hit
# Possible solutions:
#   Reduce memory load on the system
#   Increase physical memory or swap space
#   Check if swap backing store is full
#   Use 64 bit Java on a 64 bit OS
#   Decrease Java heap size (-Xmx/-Xms)
#   Decrease number of Java threads
#   Decrease Java thread stack sizes (-Xss)
#   Set larger code cache with -XX:ReservedCodeCacheSize=
# This output file may be truncated or incomplete.
#
#  Out of Memory Error (memory/allocation.inline.hpp:60), pid=4648, tid=9752
#
# JRE version: 7.0_25-b17
# Java VM: Java HotSpot(TM) Client VM (23.25-b01 mixed mode windows-x86 )
# Failed to write core dump. Minidumps are not enabled by default on client versions of Windows
#

---------------  T H R E A D  ---------------

Current thread (0x497f6800):  JavaThread "C1 CompilerThread0" daemon [_thread_in_vm, id=9752, stack(0x49a60000,0x49ab0000)]

Stack: [0x49a60000,0x49ab0000],  sp=0x49aaf5ec,  free space=317k
Native frames: (J=compiled Java code, j=interpreted, Vv=VM code, C=native code)
V  [jvm.dll+0x167e31]
V  [jvm.dll+0x162255]
V  [jvm.dll+0x34e0a]
V  [jvm.dll+0x3e493]
V  [jvm.dll+0x3ea14]
V  [jvm.dll+0x5485]
V  [jvm.dll+0x2388c0]
V  [jvm.dll+0x2391cb]
V  [jvm.dll+0x2392f8]
V  [jvm.dll+0x23957d]
V  [jvm.dll+0x44afb]
V  [jvm.dll+0x45036]
V  [jvm.dll+0x144447]
V  [jvm.dll+0x1445b0]
V  [jvm.dll+0x177bb9]
C  [msvcr100.dll+0x5c6de]
C  [msvcr100.dll+0x5c788]
C  [kernel32.dll+0x51154]
C  [ntdll.dll+0x5b299]
C  [ntdll.dll+0x5b26c]


Current CompileTask:
C1:   3711 1270             com.android.dx.dex.file.CodeItem::writeTo0 (489 bytes)


---------------  P R O C E S S  ---------------

Java Threads: ( => current thread )
  0x49802000 JavaThread "Service Thread" daemon [_thread_blocked, id=8716, stack(0x002f0000,0x00340000)]
=>0x497f6800 JavaThread "C1 CompilerThread0" daemon [_thread_in_vm, id=9752, stack(0x49a60000,0x49ab0000)]
  0x497f5800 JavaThread "Attach Listener" daemon [_thread_blocked, id=5856, stack(0x49640000,0x49690000)]
  0x497ee800 JavaThread "Signal Dispatcher" daemon [_thread_blocked, id=8088, stack(0x013b0000,0x01400000)]
  0x49791800 JavaThread "Finalizer" daemon [_thread_blocked, id=8332, stack(0x49a10000,0x49a60000)]
  0x012df800 JavaThread "Reference Handler" daemon [_thread_blocked, id=6100, stack(0x49990000,0x499e0000)]
  0x012eb800 JavaThread "main" [_thread_in_vm, id=8316, stack(0x01170000,0x011c0000)]

Other Threads:
  0x012da000 VMThread [stack: 0x49740000,0x49790000] [id=1452]
  0x4981c400 WatcherThread [stack: 0x49ae0000,0x49b30000] [id=7084]

VM state:not at safepoint (normal execution)

VM Mutex/Monitor currently owned by a thread:  ([mutex/lock_event])
[0x012e8d40] CodeCache_lock - owner thread: 0x497f6800
[0x012ea008] Compile_lock - owner thread: 0x497f6800
[0x012ea0d8] MethodCompileQueue_lock - owner thread: 0x497f6800

Heap
 def new generation   total 8512K, used 5693K [0x03460000, 0x03d90000, 0x189b0000)
  eden space 7616K,  62% used [0x03460000, 0x0390f7a0, 0x03bd0000)
  from space 896K, 100% used [0x03bd0000, 0x03cb0000, 0x03cb0000)
  to   space 896K,   0% used [0x03cb0000, 0x03cb0000, 0x03d90000)
 tenured generation   total 18668K, used 18220K [0x189b0000, 0x19beb000, 0x43460000)
   the space 18668K,  97% used [0x189b0000, 0x19b7b0b8, 0x19b7b200, 0x19beb000)
 compacting perm gen  total 12288K, used 3768K [0x43460000, 0x44060000, 0x47460000)
   the space 12288K,  30% used [0x43460000, 0x4380e058, 0x4380e200, 0x44060000)
No shared spaces configured.

Card table byte_map: [0x49260000,0x49490000] byte_map_base: 0x49245d00

Polling page: 0x00160000

Code Cache  [0x01460000, 0x01738000, 0x03460000)
 total_blobs=1419 nmethods=1270 adapters=82 free_code_cache=29866Kb largest_free_block=30583488

Compilation events (10 events):
Event: 3.695 Thread 0x497f6800 nmethod 1265 0x0172e0c8 code [0x0172e290, 0x0172e6ac]
Event: 3.695 Thread 0x497f6800 1266             com.android.dx.dex.code.InsnFormat::codeUnit (89 bytes)
Event: 3.695 Thread 0x497f6800 nmethod 1266 0x0172ee88 code [0x0172efc0, 0x0172f230]
Event: 3.696 Thread 0x497f6800 1267             com.android.dx.dex.code.form.Form11x::writeTo (22 bytes)
Event: 3.696 Thread 0x497f6800 nmethod 1267 0x0172f388 code [0x0172f4b0, 0x0172f5e4]
Event: 3.697 Thread 0x497f6800 1268   !         com.android.dx.dex.file.OffsettedItem::writeTo (72 bytes)
Event: 3.698 Thread 0x497f6800 nmethod 1268 0x0172f7c8 code [0x0172f980, 0x0172fde4]
Event: 3.698 Thread 0x497f6800 1269             com.android.dx.util.ByteArrayAnnotatedOutput::assertCursor (48 bytes)
Event: 3.699 Thread 0x497f6800 nmethod 1269 0x01730388 code [0x017304e0, 0x017307a8]
Event: 3.699 Thread 0x497f6800 1270             com.android.dx.dex.file.CodeItem::writeTo0 (489 bytes)

GC Heap History (10 events):
Event: 2.980 GC heap before
{Heap before GC invocations=16 (full 1):
 def new generation   total 8512K, used 8511K [0x03460000, 0x03d90000, 0x189b0000)
  eden space 7616K, 100% used [0x03460000, 0x03bd0000, 0x03bd0000)
  from space 896K,  99% used [0x03cb0000, 0x03d8fff8, 0x03d90000)
  to   space 896K,   0% used [0x03bd0000, 0x03bd0000, 0x03cb0000)
 tenured generation   total 18668K, used 11929K [0x189b0000, 0x19beb000, 0x43460000)
   the space 18668K,  63% used [0x189b0000, 0x19556510, 0x19556600, 0x19beb000)
 compacting perm gen  total 12288K, used 3645K [0x43460000, 0x44060000, 0x47460000)
   the space 12288K,  29% used [0x43460000, 0x437ef620, 0x437ef800, 0x44060000)
No shared spaces configured.
Event: 2.992 GC heap after
Heap after GC invocations=17 (full 1):
 def new generation   total 8512K, used 895K [0x03460000, 0x03d90000, 0x189b0000)
  eden space 7616K,   0% used [0x03460000, 0x03460000, 0x03bd0000)
  from space 896K,  99% used [0x03bd0000, 0x03cafff8, 0x03cb0000)
  to   space 896K,   0% used [0x03cb0000, 0x03cb0000, 0x03d90000)
 tenured generation   total 18668K, used 13005K [0x189b0000, 0x19beb000, 0x43460000)
   the space 18668K,  69% used [0x189b0000, 0x196634c0, 0x19663600, 0x19beb000)
 compacting perm gen  total 12288K, used 3645K [0x43460000, 0x44060000, 0x47460000)
   the space 12288K,  29% used [0x43460000, 0x437ef620, 0x437ef800, 0x44060000)
No shared spaces configured.
}
Event: 3.045 GC heap before
{Heap before GC invocations=17 (full 1):
 def new generation   total 8512K, used 8511K [0x03460000, 0x03d90000, 0x189b0000)
  eden space 7616K, 100% used [0x03460000, 0x03bd0000, 0x03bd0000)
  from space 896K,  99% used [0x03bd0000, 0x03cafff8, 0x03cb0000)
  to   space 896K,   0% used [0x03cb0000, 0x03cb0000, 0x03d90000)
 tenured generation   total 18668K, used 13005K [0x189b0000, 0x19beb000, 0x43460000)
   the space 18668K,  69% used [0x189b0000, 0x196634c0, 0x19663600, 0x19beb000)
 compacting perm gen  total 12288K, used 3645K [0x43460000, 0x44060000, 0x47460000)
   the space 12288K,  29% used [0x43460000, 0x437ef640, 0x437ef800, 0x44060000)
No shared spaces configured.
Event: 3.055 GC heap after
Heap after GC invocations=18 (full 1):
 def new generation   total 8512K, used 895K [0x03460000, 0x03d90000, 0x189b0000)
  eden space 7616K,   0% used [0x03460000, 0x03460000, 0x03bd0000)
  from space 896K,  99% used [0x03cb0000, 0x03d8fff8, 0x03d90000)
  to   space 896K,   0% used [0x03bd0000, 0x03bd0000, 0x03cb0000)
 tenured generation   total 18668K, used 14088K [0x189b0000, 0x19beb000, 0x43460000)
   the space 18668K,  75% used [0x189b0000, 0x19772290, 0x19772400, 0x19beb000)
 compacting perm gen  total 12288K, used 3645K [0x43460000, 0x44060000, 0x47460000)
   the space 12288K,  29% used [0x43460000, 0x437ef640, 0x437ef800, 0x44060000)
No shared spaces configured.
}
Event: 3.116 GC heap before
{Heap before GC invocations=18 (full 1):
 def new generation   total 8512K, used 8511K [0x03460000, 0x03d90000, 0x189b0000)
  eden space 7616K, 100% used [0x03460000, 0x03bd0000, 0x03bd0000)
  from space 896K,  99% used [0x03cb0000, 0x03d8fff8, 0x03d90000)
  to   space 896K,   0% used [0x03bd0000, 0x03bd0000, 0x03cb0000)
 tenured generation   total 18668K, used 14088K [0x189b0000, 0x19beb000, 0x43460000)
   the space 18668K,  75% used [0x189b0000, 0x19772290, 0x19772400, 0x19beb000)
 compacting perm gen  total 12288K, used 3645K [0x43460000, 0x44060000, 0x47460000)
   the space 12288K,  29% used [0x43460000, 0x437ef650, 0x437ef800, 0x44060000)
No shared spaces configured.
Event: 3.127 GC heap after
Heap after GC invocations=19 (full 1):
 def new generation   total 8512K, used 896K [0x03460000, 0x03d90000, 0x189b0000)
  eden space 7616K,   0% used [0x03460000, 0x03460000, 0x03bd0000)
  from space 896K, 100% used [0x03bd0000, 0x03cb0000, 0x03cb0000)
  to   space 896K,   0% used [0x03cb0000, 0x03cb0000, 0x03d90000)
 tenured generation   total 18668K, used 15420K [0x189b0000, 0x19beb000, 0x43460000)
   the space 18668K,  82% used [0x189b0000, 0x198bf070, 0x198bf200, 0x19beb000)
 compacting perm gen  total 12288K, used 3645K [0x43460000, 0x44060000, 0x47460000)
   the space 12288K,  29% used [0x43460000, 0x437ef650, 0x437ef800, 0x44060000)
No shared spaces configured.
}
Event: 3.255 GC heap before
{Heap before GC invocations=19 (full 1):
 def new generation   total 8512K, used 8512K [0x03460000, 0x03d90000, 0x189b0000)
  eden space 7616K, 100% used [0x03460000, 0x03bd0000, 0x03bd0000)
  from space 896K, 100% used [0x03bd0000, 0x03cb0000, 0x03cb0000)
  to   space 896K,   0% used [0x03cb0000, 0x03cb0000, 0x03d90000)
 tenured generation   total 18668K, used 15420K [0x189b0000, 0x19beb000, 0x43460000)
   the space 18668K,  82% used [0x189b0000, 0x198bf070, 0x198bf200, 0x19beb000)
 compacting perm gen  total 12288K, used 3646K [0x43460000, 0x44060000, 0x47460000)
   the space 12288K,  29% used [0x43460000, 0x437ef998, 0x437efa00, 0x44060000)
No shared spaces configured.
Event: 3.264 GC heap after
Heap after GC invocations=20 (full 1):
 def new generation   total 8512K, used 896K [0x03460000, 0x03d90000, 0x189b0000)
  eden space 7616K,   0% used [0x03460000, 0x03460000, 0x03bd0000)
  from space 896K, 100% used [0x03cb0000, 0x03d90000, 0x03d90000)
  to   space 896K,   0% used [0x03bd0000, 0x03bd0000, 0x03cb0000)
 tenured generation   total 18668K, used 16525K [0x189b0000, 0x19beb000, 0x43460000)
   the space 18668K,  88% used [0x189b0000, 0x199d3588, 0x199d3600, 0x19beb000)
 compacting perm gen  total 12288K, used 3646K [0x43460000, 0x44060000, 0x47460000)
   the space 12288K,  29% used [0x43460000, 0x437ef998, 0x437efa00, 0x44060000)
No shared spaces configured.
}
Event: 3.531 GC heap before
{Heap before GC invocations=20 (full 1):
 def new generation   total 8512K, used 8512K [0x03460000, 0x03d90000, 0x189b0000)
  eden space 7616K, 100% used [0x03460000, 0x03bd0000, 0x03bd0000)
  from space 896K, 100% used [0x03cb0000, 0x03d90000, 0x03d90000)
  to   space 896K,   0% used [0x03bd0000, 0x03bd0000, 0x03cb0000)
 tenured generation   total 18668K, used 16525K [0x189b0000, 0x19beb000, 0x43460000)
   the space 18668K,  88% used [0x189b0000, 0x199d3588, 0x199d3600, 0x19beb000)
 compacting perm gen  total 12288K, used 3741K [0x43460000, 0x44060000, 0x47460000)
   the space 12288K,  30% used [0x43460000, 0x438076f0, 0x43807800, 0x44060000)
No shared spaces configured.
Event: 3.549 GC heap after
Heap after GC invocations=21 (full 1):
 def new generation   total 8512K, used 896K [0x03460000, 0x03d90000, 0x189b0000)
  eden space 7616K,   0% used [0x03460000, 0x03460000, 0x03bd0000)
  from space 896K, 100% used [0x03bd0000, 0x03cb0000, 0x03cb0000)
  to   space 896K,   0% used [0x03cb0000, 0x03cb0000, 0x03d90000)
 tenured generation   total 18668K, used 18220K [0x189b0000, 0x19beb000, 0x43460000)
   the space 18668K,  97% used [0x189b0000, 0x19b7b0b8, 0x19b7b200, 0x19beb000)
 compacting perm gen  total 12288K, used 3741K [0x43460000, 0x44060000, 0x47460000)
   the space 12288K,  30% used [0x43460000, 0x438076f0, 0x43807800, 0x44060000)
No shared spaces configured.
}

Deoptimization events (0 events):
No events

Internal exceptions (10 events):
Event: 3.442 Thread 0x012eb800 Threw 0x03a70358 at C:\jdk7u2_32P\jdk7u25\hotspot\src\share\vm\prims\jvm.cpp:1235
Event: 3.443 Thread 0x012eb800 Threw 0x03a73420 at C:\jdk7u2_32P\jdk7u25\hotspot\src\share\vm\prims\jvm.cpp:1235
Event: 3.443 Thread 0x012eb800 Threw 0x03a76370 at C:\jdk7u2_32P\jdk7u25\hotspot\src\share\vm\prims\jvm.cpp:1235
Event: 3.451 Thread 0x012eb800 Threw 0x03a9cf68 at C:\jdk7u2_32P\jdk7u25\hotspot\src\share\vm\prims\jvm.cpp:1235
Event: 3.594 Thread 0x012eb800 Threw 0x035a04e0 at C:\jdk7u2_32P\jdk7u25\hotspot\src\share\vm\prims\jvm.cpp:1235
Event: 3.599 Thread 0x012eb800 Threw 0x035abf90 at C:\jdk7u2_32P\jdk7u25\hotspot\src\share\vm\prims\jvm.cpp:1235
Event: 3.600 Thread 0x012eb800 Threw 0x035aea10 at C:\jdk7u2_32P\jdk7u25\hotspot\src\share\vm\prims\jvm.cpp:1235
Event: 3.639 Thread 0x012eb800 Threw 0x03807468 at C:\jdk7u2_32P\jdk7u25\hotspot\src\share\vm\prims\jvm.cpp:1235
Event: 3.654 Thread 0x012eb800 Threw 0x038bcaa0 at C:\jdk7u2_32P\jdk7u25\hotspot\src\share\vm\prims\jvm.cpp:1235
Event: 3.659 Thread 0x012eb800 Threw 0x038c2700 at C:\jdk7u2_32P\jdk7u25\hotspot\src\share\vm\prims\jvm.cpp:1235

Events (10 events):
Event: 3.599 loading class 0x4a3049b0
Event: 3.599 loading class 0x4a3049b0 done
Event: 3.600 loading class 0x4a3049f0
Event: 3.600 loading class 0x4a3049f0 done
Event: 3.639 loading class 0x49911258
Event: 3.639 loading class 0x49911258 done
Event: 3.653 loading class 0x4986a318
Event: 3.653 loading class 0x4986a318 done
Event: 3.659 loading class 0x498559f0
Event: 3.659 loading class 0x498559f0 done


Dynamic libraries:
