#
# There is insufficient memory for the Java Runtime Environment to continue.
# Native memory allocation (malloc) failed to allocate 4092 bytes for AllocateHeap
# Possible reasons:
#   The system is out of physical RAM or swap space
#   In 32 bit mode, the process size limit was hit
# Possible solutions:
#   Reduce memory load on the system
#   Increase physical memory or swap space
#   Check if swap backing store is full
#   Use 64 bit Java on a 64 bit OS
#   Decrease Java heap size (-Xmx/-Xms)
#   Decrease number of Java threads
#   Decrease Java thread stack sizes (-Xss)
#   Set larger code cache with -XX:ReservedCodeCacheSize=
# This output file may be truncated or incomplete.
#
#  Out of Memory Error (memory/allocation.inline.hpp:60), pid=7300, tid=3256
#
# JRE version: 7.0_25-b17
# Java VM: Java HotSpot(TM) Client VM (23.25-b01 mixed mode windows-x86 )
# Failed to write core dump. Minidumps are not enabled by default on client versions of Windows
#

---------------  T H R E A D  ---------------

Current thread (0x0129a000):  VMThread [stack: 0x01340000,0x01390000] [id=3256]

Stack: [0x01340000,0x01390000],  sp=0x0138ef04,  free space=315k
Native frames: (J=compiled Java code, j=interpreted, Vv=VM code, C=native code)
V  [jvm.dll+0x167e31]
V  [jvm.dll+0x162255]
V  [jvm.dll+0x20bb69]
V  [jvm.dll+0x16d11f]
V  [jvm.dll+0x88163]
V  [jvm.dll+0x16d502]
V  [jvm.dll+0x16d941]
V  [jvm.dll+0x72876]
V  [jvm.dll+0x6ec44]
V  [jvm.dll+0x68cff]
V  [jvm.dll+0x6ab6f]
V  [jvm.dll+0x6b020]
V  [jvm.dll+0x69b37]
V  [jvm.dll+0x71363]
V  [jvm.dll+0x68742]
V  [jvm.dll+0x5fdd3]
V  [jvm.dll+0x16ff76]
V  [jvm.dll+0x149235]
V  [jvm.dll+0x1483ae]
V  [jvm.dll+0x148737]
V  [jvm.dll+0x148c02]
V  [jvm.dll+0x177bb9]
C  [msvcr100.dll+0x5c6de]
C  [msvcr100.dll+0x5c788]
C  [kernel32.dll+0x51154]
C  [ntdll.dll+0x5b299]
C  [ntdll.dll+0x5b26c]

VM_Operation (0x49fcf080): GenCollectForAllocation, mode: safepoint, requested by thread 0x496f5000


---------------  P R O C E S S  ---------------

Java Threads: ( => current thread )
  0x496f5000 JavaThread "pool-1-thread-4" [_thread_blocked, id=3088, stack(0x49f80000,0x49fd0000)]
  0x496d7000 JavaThread "pool-1-thread-3" [_thread_blocked, id=8284, stack(0x49e60000,0x49eb0000)]
  0x496d6800 JavaThread "pool-1-thread-2" [_thread_blocked, id=3816, stack(0x49880000,0x498d0000)]
  0x496d1000 JavaThread "pool-2-thread-1" [_thread_blocked, id=5200, stack(0x49d90000,0x49de0000)]
  0x496c5c00 JavaThread "pool-1-thread-1" [_thread_blocked, id=8552, stack(0x49cb0000,0x49d00000)]
  0x4963a000 JavaThread "Service Thread" daemon [_thread_blocked, id=9880, stack(0x012e0000,0x01330000)]
  0x49633000 JavaThread "C1 CompilerThread0" daemon [_thread_blocked, id=6032, stack(0x49980000,0x499d0000)]
  0x49631c00 JavaThread "Attach Listener" daemon [_thread_blocked, id=4676, stack(0x49ad0000,0x49b20000)]
  0x4962e800 JavaThread "Signal Dispatcher" daemon [_thread_blocked, id=9832, stack(0x49a70000,0x49ac0000)]
  0x495d5000 JavaThread "Finalizer" daemon [_thread_blocked, id=7224, stack(0x49900000,0x49950000)]
  0x0129f800 JavaThread "Reference Handler" daemon [_thread_blocked, id=484, stack(0x49800000,0x49850000)]
  0x012ab800 JavaThread "main" [_thread_blocked, id=4548, stack(0x013f0000,0x01440000)]

Other Threads:
=>0x0129a000 VMThread [stack: 0x01340000,0x01390000] [id=3256]
  0x49658000 WatcherThread [stack: 0x49a00000,0x49a50000] [id=8804]

VM state:at safepoint (normal execution)

VM Mutex/Monitor currently owned by a thread:  ([mutex/lock_event])
[0x012a97e8] Threads_lock - owner thread: 0x0129a000
[0x012a9bf8] Heap_lock - owner thread: 0x496f5000

Heap
 def new generation   total 22784K, used 22784K [0x03440000, 0x04cf0000, 0x18990000)
  eden space 20288K, 100% used [0x03440000, 0x04810000, 0x04810000)
  from space 2496K, 100% used [0x04a80000, 0x04cf0000, 0x04cf0000)
  to   space 2496K,  99% used [0x04810000, 0x04a7fff8, 0x04a80000)
 tenured generation   total 67096K, used 66980K [0x18990000, 0x1cb16000, 0x43440000)
   the space 67096K,  99% used [0x18990000, 0x1caf9240, 0x1caf9400, 0x1cb16000)
 compacting perm gen  total 12288K, used 3353K [0x43440000, 0x44040000, 0x47440000)
   the space 12288K,  27% used [0x43440000, 0x43786420, 0x43786600, 0x44040000)
No shared spaces configured.

Card table byte_map: [0x49240000,0x49470000] byte_map_base: 0x49225e00

Polling page: 0x00340000

Code Cache  [0x01440000, 0x01680000, 0x03440000)
 total_blobs=1037 nmethods=901 adapters=70 free_code_cache=30497Kb largest_free_block=31213120

Compilation events (10 events):
Event: 4.520 Thread 0x49633000  898             com.android.dx.rop.code.RegisterSpec::intersect (169 bytes)
Event: 4.520 Thread 0x49633000 nmethod 898 0x0167ab08 code [0x0167ac80, 0x0167afb4]
Event: 4.541 Thread 0x49633000  899             java.util.Collections$UnmodifiableCollection::<init> (22 bytes)
Event: 4.541 Thread 0x49633000 nmethod 899 0x0167b208 code [0x0167b310, 0x0167b40c]
Event: 4.544 Thread 0x49633000  900             java.util.HashMap$HashIterator::hasNext (13 bytes)
Event: 4.545 Thread 0x49633000 nmethod 900 0x0167b488 code [0x0167b580, 0x0167b610]
Event: 4.571 Thread 0x49633000  901             java.util.RegularEnumSet::contains (57 bytes)
Event: 4.571 Thread 0x49633000 nmethod 901 0x0167b648 code [0x0167b750, 0x0167b8cc]
Event: 4.574 Thread 0x49633000  902             com.android.dx.rop.code.BasicBlockList::getRegCount (34 bytes)
Event: 4.574 Thread 0x49633000 nmethod 902 0x01540608 code [0x01540710, 0x0154080c]

GC Heap History (10 events):
Event: 3.725 GC heap after
Heap after GC invocations=20 (full 3):
 def new generation   total 22784K, used 2496K [0x03440000, 0x04cf0000, 0x18990000)
  eden space 20288K,   0% used [0x03440000, 0x03440000, 0x04810000)
  from space 2496K, 100% used [0x04810000, 0x04a80000, 0x04a80000)
  to   space 2496K,   0% used [0x04a80000, 0x04a80000, 0x04cf0000)
 tenured generation   total 50488K, used 46701K [0x18990000, 0x1bade000, 0x43440000)
   the space 50488K,  92% used [0x18990000, 0x1b72b560, 0x1b72b600, 0x1bade000)
 compacting perm gen  total 12288K, used 3356K [0x43440000, 0x44040000, 0x47440000)
   the space 12288K,  27% used [0x43440000, 0x43787278, 0x43787400, 0x44040000)
No shared spaces configured.
}
Event: 3.860 GC heap before
{Heap before GC invocations=20 (full 3):
 def new generation   total 22784K, used 22784K [0x03440000, 0x04cf0000, 0x18990000)
  eden space 20288K, 100% used [0x03440000, 0x04810000, 0x04810000)
  from space 2496K, 100% used [0x04810000, 0x04a80000, 0x04a80000)
  to   space 2496K,   0% used [0x04a80000, 0x04a80000, 0x04cf0000)
 tenured generation   total 50488K, used 46701K [0x18990000, 0x1bade000, 0x43440000)
   the space 50488K,  92% used [0x18990000, 0x1b72b560, 0x1b72b600, 0x1bade000)
 compacting perm gen  total 12288K, used 3356K [0x43440000, 0x44040000, 0x47440000)
   the space 12288K,  27% used [0x43440000, 0x43787278, 0x43787400, 0x44040000)
No shared spaces configured.
Event: 4.082 GC heap after
Heap after GC invocations=21 (full 4):
 def new generation   total 22784K, used 0K [0x03440000, 0x04cf0000, 0x18990000)
  eden space 20288K,   0% used [0x03440000, 0x03440000, 0x04810000)
  from space 2496K,   0% used [0x04a80000, 0x04a80000, 0x04cf0000)
  to   space 2496K,   0% used [0x04810000, 0x04810000, 0x04a80000)
 tenured generation   total 60864K, used 36517K [0x18990000, 0x1c500000, 0x43440000)
   the space 60864K,  59% used [0x18990000, 0x1ad397a0, 0x1ad39800, 0x1c500000)
 compacting perm gen  total 12288K, used 3353K [0x43440000, 0x44040000, 0x47440000)
   the space 12288K,  27% used [0x43440000, 0x43786420, 0x43786600, 0x44040000)
No shared spaces configured.
}
Event: 4.178 GC heap before
{Heap before GC invocations=21 (full 4):
 def new generation   total 22784K, used 20288K [0x03440000, 0x04cf0000, 0x18990000)
  eden space 20288K, 100% used [0x03440000, 0x04810000, 0x04810000)
  from space 2496K,   0% used [0x04a80000, 0x04a80000, 0x04cf0000)
  to   space 2496K,   0% used [0x04810000, 0x04810000, 0x04a80000)
 tenured generation   total 60864K, used 36517K [0x18990000, 0x1c500000, 0x43440000)
   the space 60864K,  59% used [0x18990000, 0x1ad397a0, 0x1ad39800, 0x1c500000)
 compacting perm gen  total 12288K, used 3353K [0x43440000, 0x44040000, 0x47440000)
   the space 12288K,  27% used [0x43440000, 0x43786420, 0x43786600, 0x44040000)
No shared spaces configured.
Event: 4.210 GC heap after
Heap after GC invocations=22 (full 4):
 def new generation   total 22784K, used 2496K [0x03440000, 0x04cf0000, 0x18990000)
  eden space 20288K,   0% used [0x03440000, 0x03440000, 0x04810000)
  from space 2496K, 100% used [0x04810000, 0x04a80000, 0x04a80000)
  to   space 2496K,   0% used [0x04a80000, 0x04a80000, 0x04cf0000)
 tenured generation   total 60864K, used 45416K [0x18990000, 0x1c500000, 0x43440000)
   the space 60864K,  74% used [0x18990000, 0x1b5ea370, 0x1b5ea400, 0x1c500000)
 compacting perm gen  total 12288K, used 3353K [0x43440000, 0x44040000, 0x47440000)
   the space 12288K,  27% used [0x43440000, 0x43786420, 0x43786600, 0x44040000)
No shared spaces configured.
}
Event: 4.312 GC heap before
{Heap before GC invocations=22 (full 4):
 def new generation   total 22784K, used 22784K [0x03440000, 0x04cf0000, 0x18990000)
  eden space 20288K, 100% used [0x03440000, 0x04810000, 0x04810000)
  from space 2496K, 100% used [0x04810000, 0x04a80000, 0x04a80000)
  to   space 2496K,   0% used [0x04a80000, 0x04a80000, 0x04cf0000)
 tenured generation   total 60864K, used 45416K [0x18990000, 0x1c500000, 0x43440000)
   the space 60864K,  74% used [0x18990000, 0x1b5ea370, 0x1b5ea400, 0x1c500000)
 compacting perm gen  total 12288K, used 3353K [0x43440000, 0x44040000, 0x47440000)
   the space 12288K,  27% used [0x43440000, 0x43786420, 0x43786600, 0x44040000)
No shared spaces configured.
Event: 4.339 GC heap after
Heap after GC invocations=23 (full 4):
 def new generation   total 22784K, used 2495K [0x03440000, 0x04cf0000, 0x18990000)
  eden space 20288K,   0% used [0x03440000, 0x03440000, 0x04810000)
  from space 2496K,  99% used [0x04a80000, 0x04cefff8, 0x04cf0000)
  to   space 2496K,   0% used [0x04810000, 0x04810000, 0x04a80000)
 tenured generation   total 60864K, used 52823K [0x18990000, 0x1c500000, 0x43440000)
   the space 60864K,  86% used [0x18990000, 0x1bd25c58, 0x1bd25e00, 0x1c500000)
 compacting perm gen  total 12288K, used 3353K [0x43440000, 0x44040000, 0x47440000)
   the space 12288K,  27% used [0x43440000, 0x43786420, 0x43786600, 0x44040000)
No shared spaces configured.
}
Event: 4.457 GC heap before
{Heap before GC invocations=23 (full 4):
 def new generation   total 22784K, used 22783K [0x03440000, 0x04cf0000, 0x18990000)
  eden space 20288K, 100% used [0x03440000, 0x04810000, 0x04810000)
  from space 2496K,  99% used [0x04a80000, 0x04cefff8, 0x04cf0000)
  to   space 2496K,   0% used [0x04810000, 0x04810000, 0x04a80000)
 tenured generation   total 60864K, used 52823K [0x18990000, 0x1c500000, 0x43440000)
   the space 60864K,  86% used [0x18990000, 0x1bd25c58, 0x1bd25e00, 0x1c500000)
 compacting perm gen  total 12288K, used 3353K [0x43440000, 0x44040000, 0x47440000)
   the space 12288K,  27% used [0x43440000, 0x43786420, 0x43786600, 0x44040000)
No shared spaces configured.
Event: 4.495 GC heap after
Heap after GC invocations=24 (full 4):
 def new generation   total 22784K, used 2495K [0x03440000, 0x04cf0000, 0x18990000)
  eden space 20288K,   0% used [0x03440000, 0x03440000, 0x04810000)
  from space 2496K,  99% used [0x04810000, 0x04a7fff8, 0x04a80000)
  to   space 2496K,   0% used [0x04a80000, 0x04a80000, 0x04cf0000)
 tenured generation   total 60864K, used 60539K [0x18990000, 0x1c500000, 0x43440000)
   the space 60864K,  99% used [0x18990000, 0x1c4aef10, 0x1c4af000, 0x1c500000)
 compacting perm gen  total 12288K, used 3353K [0x43440000, 0x44040000, 0x47440000)
   the space 12288K,  27% used [0x43440000, 0x43786420, 0x43786600, 0x44040000)
No shared spaces configured.
}
Event: 4.591 GC heap before
{Heap before GC invocations=24 (full 4):
 def new generation   total 22784K, used 22783K [0x03440000, 0x04cf0000, 0x18990000)
  eden space 20288K, 100% used [0x03440000, 0x04810000, 0x04810000)
  from space 2496K,  99% used [0x04810000, 0x04a7fff8, 0x04a80000)
  to   space 2496K,   0% used [0x04a80000, 0x04a80000, 0x04cf0000)
 tenured generation   total 60864K, used 60539K [0x18990000, 0x1c500000, 0x43440000)
   the space 60864K,  99% used [0x18990000, 0x1c4aef10, 0x1c4af000, 0x1c500000)
 compacting perm gen  total 12288K, used 3353K [0x43440000, 0x44040000, 0x47440000)
   the space 12288K,  27% used [0x43440000, 0x43786420, 0x43786600, 0x44040000)
No shared spaces configured.

Deoptimization events (0 events):
No events

Internal exceptions (10 events):
Event: 1.857 Thread 0x496c5c00 Threw 0x034fbe70 at C:\jdk7u2_32P\jdk7u25\hotspot\src\share\vm\prims\jvm.cpp:1235
Event: 2.233 Thread 0x012ab800 Threw 0x0384e9e8 at C:\jdk7u2_32P\jdk7u25\hotspot\src\share\vm\prims\jvm.cpp:1235
Event: 2.237 Thread 0x012ab800 Threw 0x03872740 at C:\jdk7u2_32P\jdk7u25\hotspot\src\share\vm\prims\jvm.cpp:1235
Event: 2.473 Thread 0x012ab800 Threw 0x0346e6d0 at C:\jdk7u2_32P\jdk7u25\hotspot\src\share\vm\prims\jvm.cpp:1235
Event: 2.486 Thread 0x012ab800 Threw 0x0365e440 at C:\jdk7u2_32P\jdk7u25\hotspot\src\share\vm\prims\jvm.cpp:1235
Event: 2.488 Thread 0x496c5c00 Threw 0x036dd360 at C:\jdk7u2_32P\jdk7u25\hotspot\src\share\vm\prims\jvm.cpp:1235
Event: 2.523 Thread 0x496d7000 Threw 0x0349e258 at C:\jdk7u2_32P\jdk7u25\hotspot\src\share\vm\prims\jvm.cpp:1235
Event: 2.674 Thread 0x496d6800 Threw 0x03584e88 at C:\jdk7u2_32P\jdk7u25\hotspot\src\share\vm\prims\jvm.cpp:1235
Event: 2.678 Thread 0x496d6800 Threw 0x036224d8 at C:\jdk7u2_32P\jdk7u25\hotspot\src\share\vm\prims\jvm.cpp:1235
Event: 2.692 Thread 0x496d7000 Threw 0x037116c0 at C:\jdk7u2_32P\jdk7u25\hotspot\src\share\vm\prims\jvm.cpp:1235

Events (10 events):
Event: 4.210 Executing VM operation: GenCollectForAllocation done
Event: 4.311 Executing VM operation: GenCollectForAllocation
Event: 4.340 Executing VM operation: GenCollectForAllocation done
Event: 4.407 Executing VM operation: EnableBiasedLocking
Event: 4.408 Executing VM operation: EnableBiasedLocking done
Event: 4.456 Executing VM operation: GenCollectForAllocation
Event: 4.495 Executing VM operation: GenCollectForAllocation done
Event: 4.571 Thread 0x49633000 flushing nmethod 0x0153ce48
Event: 4.574 Thread 0x49633000 flushing nmethod 0x01552248
Event: 4.591 Executing VM operation: GenCollectForAllocation


Dynamic libraries:
0x00350000 - 0x0037f000 	C:\Program Files\Java\jdk1.7.0_25\bin\java.exe
0x77840000 - 0x7797c000 	C:\windows\SYSTEM32\ntdll.dll
0x75f70000 - 0x76044000 	C:\windows\system32\kernel32.dll
0x75c40000 - 0x75c8b000 	C:\windows\system32\KERNELBASE.dll
0x779d0000 - 0x77a70000 	C:\windows\system32\ADVAPI32.dll
0x76400000 - 0x764ac000 	C:\windows\system32\msvcrt.dll
0x75db0000 - 0x75dc9000 	C:\windows\SYSTEM32\sechost.dll
0x77790000 - 0x77831000 	C:\windows\system32\RPCRT4.dll
0x76260000 - 0x76329000 	C:\windows\system32\USER32.dll
0x76740000 - 0x7678e000 	C:\windows\system32\GDI32.dll
0x779a0000 - 0x779aa000 	C:\windows\system32\LPK.dll
0x76170000 - 0x7620e000 	C:\windows\system32\USP10.dll
0x74920000 - 0x74abe000 	C:\windows\WinSxS\x86_microsoft.windows.common-controls_6595b64144ccf1df_6.0.7600.16661_none_420fe3fa2b8113bd\COMCTL32.dll
0x75d50000 - 0x75da7000 	C:\windows\system32\SHLWAPI.dll
0x76240000 - 0x7625f000 	C:\windows\system32\IMM32.DLL
0x76330000 - 0x763fc000 	C:\windows\system32\MSCTF.dll
0x62040000 - 0x620fe000 	C:\Program Files\Java\jdk1.7.0_25\jre\bin\msvcr100.dll
0x56f00000 - 0x57242000 	C:\Program Files\Java\jdk1.7.0_25\jre\bin\client\jvm.dll
0x6c6e0000 - 0x6c6e7000 	C:\windows\system32\WSOCK32.dll
0x764b0000 - 0x764e5000 	C:\windows\system32\WS2_32.dll
0x779b0000 - 0x779b6000 	C:\windows\system32\NSI.dll
0x741a0000 - 0x741d2000 	C:\windows\system32\WINMM.dll
0x779c0000 - 0x779c5000 	C:\windows\system32\PSAPI.DLL
0x74b70000 - 0x74b7c000 	C:\Program Files\Java\jdk1.7.0_25\jre\bin\verify.dll
0x73c60000 - 0x73c80000 	C:\Program Files\Java\jdk1.7.0_25\jre\bin\java.dll
0x733c0000 - 0x733d3000 	C:\Program Files\Java\jdk1.7.0_25\jre\bin\zip.dll

VM Arguments:
jvm_args: -Djava.awt.headless=true -Xmx1024M -Dfile.encoding=windows-1252 -Duser.country=US -Duser.language=en -Duser.variant 
java_command: com.android.dx.command.Main --dex --force-jumbo --num-threads=4 --output C:\Users\Chyma\Videos\C#\iwin2\app\build\intermediates\pre-dexed\debug\main_7545e9d720f379365527a43526c462f698a10e86.jar C:\Users\Chyma\Videos\C#\iwin2\app\build\intermediates\transforms\instantRun\debug\folders\1\5\main
Launcher Type: SUN_STANDARD

Environment Variables:
JAVA_HOME=C:\Program Files\Java\jdk1.7.0_25
PATH=C:\Program Files\Common Files\Microsoft Shared\Windows Live;C:\windows\system32;C:\windows;C:\windows\System32\Wbem;C:\windows\System32\WindowsPowerShell\v1.0\;c:\Program Files\Common Files\Roxio Shared\DLLShared\;c:\Program Files\Common Files\Roxio Shared\10.0\DLLShared\;C:\Program Files\MATLAB\R2010BC\runtime\win32;C:\Program Files\MATLAB\R2010BC\bin;C:\Program Files\Microsoft ASP.NET\ASP.NET Web Pages\v1.0\;C:\Program Files\Windows Kits\8.0\Windows Performance Toolkit\;C:\Program Files\Microsoft SQL Server\110\Tools\Binn\;C:\Program Files\nodejs\;C:\Program Files\Windows Live\Shared;C:\Program Files\Microsoft\Web Platform Installer\;c:\Program Files\Microsoft SQL Server\100\Tools\Binn\VSShell\Common7\IDE\;c:\Program Files\Microsoft SQL Server\100\Tools\Binn\;c:\Program Files\Microsoft SQL Server\100\DTS\Binn\;C:\Program Files\Java\jdk1.7.0_25\bin;C:\jcodes\tools\apache-maven-3.0.3\bin;C:\jcodes\tools\apache-ant-1.8.1\bin;C:\jcodes\tools\axis2-1.6.2\bin;C:\Program Files\TortoiseHg\;C:\Users\Chyma\AppData\Roaming\npm
USERNAME=Chyma
OS=Windows_NT
PROCESSOR_IDENTIFIER=x86 Family 6 Model 23 Stepping 10, GenuineIntel



---------------  S Y S T E M  ---------------

OS: Windows 7 Build 7600 

CPU:total 2 (2 cores per cpu, 1 threads per core) family 6 model 23 stepping 10, cmov, cx8, fxsr, mmx, sse, sse2, sse3, ssse3, tsc

Memory: 4k page, physical 2023696k(178108k free), swap 2943992k(3360k free)

vm_info: Java HotSpot(TM) Client VM (23.25-b01) for windows-x86 JRE (1.7.0_25-b17), built on Jun 21 2013 13:06:48 by "java_re" with unknown MS VC++:1600

time: Wed May 11 15:05:56 2016
elapsed time: 10 seconds

