#
# There is insufficient memory for the Java Runtime Environment to continue.
# Native memory allocation (malloc) failed to allocate 624 bytes for AllocateHeap
# Possible reasons:
#   The system is out of physical RAM or swap space
#   In 32 bit mode, the process size limit was hit
# Possible solutions:
#   Reduce memory load on the system
#   Increase physical memory or swap space
#   Check if swap backing store is full
#   Use 64 bit Java on a 64 bit OS
#   Decrease Java heap size (-Xmx/-Xms)
#   Decrease number of Java threads
#   Decrease Java thread stack sizes (-Xss)
#   Set larger code cache with -XX:ReservedCodeCacheSize=
# This output file may be truncated or incomplete.
#
#  Out of Memory Error (memory/allocation.inline.hpp:60), pid=176, tid=7700
#
# JRE version: 7.0_25-b17
# Java VM: Java HotSpot(TM) Client VM (23.25-b01 mixed mode windows-x86 )
# Failed to write core dump. Minidumps are not enabled by default on client versions of Windows
#

---------------  T H R E A D  ---------------

Current thread (0x49883000):  JavaThread "C1 CompilerThread0" daemon [_thread_in_vm, id=7700, stack(0x01350000,0x013a0000)]

Stack: [0x01350000,0x013a0000],  sp=0x0139ef9c,  free space=315k
Native frames: (J=compiled Java code, j=interpreted, Vv=VM code, C=native code)
V  [jvm.dll+0x167e31]
V  [jvm.dll+0x162255]
V  [jvm.dll+0x34e0a]
V  [jvm.dll+0x3e493]
V  [jvm.dll+0x3ea14]
V  [jvm.dll+0x5485]
V  [jvm.dll+0x2388c0]
V  [jvm.dll+0x2391cb]
V  [jvm.dll+0x2392f8]
V  [jvm.dll+0x23957d]
V  [jvm.dll+0x44afb]
V  [jvm.dll+0x45036]
V  [jvm.dll+0x144447]
V  [jvm.dll+0x1445b0]
V  [jvm.dll+0x177bb9]
C  [msvcr100.dll+0x5c6de]  endthreadex+0x3a
C  [msvcr100.dll+0x5c788]  endthreadex+0xe4
C  [kernel32.dll+0x51154]  BaseThreadInitThunk+0x12
C  [ntdll.dll+0x5b299]  RtlInitializeExceptionChain+0x63
C  [ntdll.dll+0x5b26c]  RtlInitializeExceptionChain+0x36


Current CompileTask:
C1:   4077  983             java.util.TimSort::sort (204 bytes)


---------------  P R O C E S S  ---------------

Java Threads: ( => current thread )
  0x4998d400 JavaThread "pool-1-thread-4" [_thread_in_vm, id=9232, stack(0x4a2b0000,0x4a300000)]
  0x4998cc00 JavaThread "pool-1-thread-3" [_thread_in_vm, id=3132, stack(0x49760000,0x497b0000)]
  0x49993400 JavaThread "pool-1-thread-2" [_thread_in_vm, id=4168, stack(0x49a20000,0x49a70000)]
  0x49974000 JavaThread "pool-2-thread-1" [_thread_blocked, id=1496, stack(0x4a1a0000,0x4a1f0000)]
  0x4997a400 JavaThread "pool-1-thread-1" [_thread_in_vm, id=7524, stack(0x4a010000,0x4a060000)]
  0x4988e800 JavaThread "Service Thread" daemon [_thread_blocked, id=7600, stack(0x49b90000,0x49be0000)]
=>0x49883000 JavaThread "C1 CompilerThread0" daemon [_thread_in_vm, id=7700, stack(0x01350000,0x013a0000)]
  0x49881c00 JavaThread "Attach Listener" daemon [_thread_blocked, id=4140, stack(0x01260000,0x012b0000)]
  0x4987e800 JavaThread "Signal Dispatcher" daemon [_thread_blocked, id=7304, stack(0x49a80000,0x49ad0000)]
  0x49825000 JavaThread "Finalizer" daemon [_thread_blocked, id=7212, stack(0x013a0000,0x013f0000)]
  0x0152f800 JavaThread "Reference Handler" daemon [_thread_blocked, id=5832, stack(0x496c0000,0x49710000)]
  0x012eb800 JavaThread "main" [_thread_in_vm, id=8004, stack(0x002e0000,0x00330000)]

Other Threads:
  0x0152a000 VMThread [stack: 0x497d0000,0x49820000] [id=5696]
  0x498b4400 WatcherThread [stack: 0x49ae0000,0x49b30000] [id=2028]

VM state:not at safepoint (normal execution)

VM Mutex/Monitor currently owned by a thread:  ([mutex/lock_event])
[0x012e8d60] CodeCache_lock - owner thread: 0x49883000
[0x012ea028] Compile_lock - owner thread: 0x49883000
[0x012ea0f8] MethodCompileQueue_lock - owner thread: 0x49883000

Heap
 def new generation   total 14272K, used 4872K [0x03530000, 0x044a0000, 0x18a80000)
  eden space 12736K,  38% used [0x03530000, 0x039f2238, 0x041a0000)
  from space 1536K,   0% used [0x041a0000, 0x041a0000, 0x04320000)
  to   space 1536K,   0% used [0x04320000, 0x04320000, 0x044a0000)
 tenured generation   total 31524K, used 18912K [0x18a80000, 0x1a949000, 0x43530000)
   the space 31524K,  59% used [0x18a80000, 0x19cf8320, 0x19cf8400, 0x1a949000)
 compacting perm gen  total 12288K, used 3647K [0x43530000, 0x44130000, 0x47530000)
   the space 12288K,  29% used [0x43530000, 0x438bff58, 0x438c0000, 0x44130000)
No shared spaces configured.

Card table byte_map: [0x49330000,0x49560000] byte_map_base: 0x49315680

Polling page: 0x000b0000

Code Cache  [0x01530000, 0x01798000, 0x03530000)
 total_blobs=1131 nmethods=982 adapters=82 free_code_cache=30325Kb largest_free_block=31052928

Compilation events (10 events):
Event: 3.701 Thread 0x49883000 nmethod 978 0x01790cc8 code [0x01790e40, 0x01791264]
Event: 3.702 Thread 0x49883000  979             com.android.dx.dex.code.DalvCode::<init> (68 bytes)
Event: 3.702 Thread 0x49883000 nmethod 979 0x01791608 code [0x01791720, 0x017918f8]
Event: 3.704 Thread 0x49883000  980             com.android.dx.cf.code.Simulator::<init> (66 bytes)
Event: 3.704 Thread 0x49883000 nmethod 980 0x017919c8 code [0x01791ae0, 0x01791d08]
Event: 3.704 Thread 0x49883000  981             com.android.dx.cf.code.Simulator$SimVisitor::<init> (23 bytes)
Event: 3.705 Thread 0x49883000 nmethod 981 0x01791e48 code [0x01791f40, 0x01791ff0]
Event: 3.705 Thread 0x49883000  982             java.util.HashMap$EntryIterator::<init> (6 bytes)
Event: 3.705 Thread 0x49883000 nmethod 982 0x01792088 code [0x01792180, 0x0179221c]
Event: 3.705 Thread 0x49883000  983             java.util.TimSort::sort (204 bytes)

GC Heap History (10 events):
Event: 3.315 GC heap before
{Heap before GC invocations=18 (full 1):
 def new generation   total 8384K, used 8384K [0x03530000, 0x03e40000, 0x18a80000)
  eden space 7488K, 100% used [0x03530000, 0x03c80000, 0x03c80000)
  from space 896K, 100% used [0x03d60000, 0x03e40000, 0x03e40000)
  to   space 896K,   0% used [0x03c80000, 0x03c80000, 0x03d60000)
 tenured generation   total 18456K, used 14055K [0x18a80000, 0x19c86000, 0x43530000)
   the space 18456K,  76% used [0x18a80000, 0x19839d30, 0x19839e00, 0x19c86000)
 compacting perm gen  total 12288K, used 3647K [0x43530000, 0x44130000, 0x47530000)
   the space 12288K,  29% used [0x43530000, 0x438bfc00, 0x438bfc00, 0x44130000)
No shared spaces configured.
Event: 3.327 GC heap after
Heap after GC invocations=19 (full 1):
 def new generation   total 8384K, used 896K [0x03530000, 0x03e40000, 0x18a80000)
  eden space 7488K,   0% used [0x03530000, 0x03530000, 0x03c80000)
  from space 896K, 100% used [0x03c80000, 0x03d60000, 0x03d60000)
  to   space 896K,   0% used [0x03d60000, 0x03d60000, 0x03e40000)
 tenured generation   total 18456K, used 15465K [0x18a80000, 0x19c86000, 0x43530000)
   the space 18456K,  83% used [0x18a80000, 0x1999a5f0, 0x1999a600, 0x19c86000)
 compacting perm gen  total 12288K, used 3647K [0x43530000, 0x44130000, 0x47530000)
   the space 12288K,  29% used [0x43530000, 0x438bfc00, 0x438bfc00, 0x44130000)
No shared spaces configured.
}
Event: 3.366 GC heap before
{Heap before GC invocations=19 (full 1):
 def new generation   total 8384K, used 8384K [0x03530000, 0x03e40000, 0x18a80000)
  eden space 7488K, 100% used [0x03530000, 0x03c80000, 0x03c80000)
  from space 896K, 100% used [0x03c80000, 0x03d60000, 0x03d60000)
  to   space 896K,   0% used [0x03d60000, 0x03d60000, 0x03e40000)
 tenured generation   total 18456K, used 15465K [0x18a80000, 0x19c86000, 0x43530000)
   the space 18456K,  83% used [0x18a80000, 0x1999a5f0, 0x1999a600, 0x19c86000)
 compacting perm gen  total 12288K, used 3647K [0x43530000, 0x44130000, 0x47530000)
   the space 12288K,  29% used [0x43530000, 0x438bfc00, 0x438bfc00, 0x44130000)
No shared spaces configured.
Event: 3.375 GC heap after
Heap after GC invocations=20 (full 1):
 def new generation   total 8384K, used 895K [0x03530000, 0x03e40000, 0x18a80000)
  eden space 7488K,   0% used [0x03530000, 0x03530000, 0x03c80000)
  from space 896K,  99% used [0x03d60000, 0x03e3fff8, 0x03e40000)
  to   space 896K,   0% used [0x03c80000, 0x03c80000, 0x03d60000)
 tenured generation   total 18456K, used 16414K [0x18a80000, 0x19c86000, 0x43530000)
   the space 18456K,  88% used [0x18a80000, 0x19a87aa8, 0x19a87c00, 0x19c86000)
 compacting perm gen  total 12288K, used 3647K [0x43530000, 0x44130000, 0x47530000)
   the space 12288K,  29% used [0x43530000, 0x438bfc00, 0x438bfc00, 0x44130000)
No shared spaces configured.
}
Event: 3.419 GC heap before
{Heap before GC invocations=20 (full 1):
 def new generation   total 8384K, used 8383K [0x03530000, 0x03e40000, 0x18a80000)
  eden space 7488K, 100% used [0x03530000, 0x03c80000, 0x03c80000)
  from space 896K,  99% used [0x03d60000, 0x03e3fff8, 0x03e40000)
  to   space 896K,   0% used [0x03c80000, 0x03c80000, 0x03d60000)
 tenured generation   total 18456K, used 16414K [0x18a80000, 0x19c86000, 0x43530000)
   the space 18456K,  88% used [0x18a80000, 0x19a87aa8, 0x19a87c00, 0x19c86000)
 compacting perm gen  total 12288K, used 3647K [0x43530000, 0x44130000, 0x47530000)
   the space 12288K,  29% used [0x43530000, 0x438bfc10, 0x438bfe00, 0x44130000)
No shared spaces configured.
Event: 3.429 GC heap after
Heap after GC invocations=21 (full 1):
 def new generation   total 8384K, used 896K [0x03530000, 0x03e40000, 0x18a80000)
  eden space 7488K,   0% used [0x03530000, 0x03530000, 0x03c80000)
  from space 896K, 100% used [0x03c80000, 0x03d60000, 0x03d60000)
  to   space 896K,   0% used [0x03d60000, 0x03d60000, 0x03e40000)
 tenured generation   total 18456K, used 17426K [0x18a80000, 0x19c86000, 0x43530000)
   the space 18456K,  94% used [0x18a80000, 0x19b84ad8, 0x19b84c00, 0x19c86000)
 compacting perm gen  total 12288K, used 3647K [0x43530000, 0x44130000, 0x47530000)
   the space 12288K,  29% used [0x43530000, 0x438bfc10, 0x438bfe00, 0x44130000)
No shared spaces configured.
}
Event: 3.471 GC heap before
{Heap before GC invocations=21 (full 1):
 def new generation   total 8384K, used 8384K [0x03530000, 0x03e40000, 0x18a80000)
  eden space 7488K, 100% used [0x03530000, 0x03c80000, 0x03c80000)
  from space 896K, 100% used [0x03c80000, 0x03d60000, 0x03d60000)
  to   space 896K,   0% used [0x03d60000, 0x03d60000, 0x03e40000)
 tenured generation   total 18456K, used 17426K [0x18a80000, 0x19c86000, 0x43530000)
   the space 18456K,  94% used [0x18a80000, 0x19b84ad8, 0x19b84c00, 0x19c86000)
 compacting perm gen  total 12288K, used 3647K [0x43530000, 0x44130000, 0x47530000)
   the space 12288K,  29% used [0x43530000, 0x438bff48, 0x438c0000, 0x44130000)
No shared spaces configured.
Event: 3.480 GC heap after
Heap after GC invocations=22 (full 1):
 def new generation   total 8384K, used 896K [0x03530000, 0x03e40000, 0x18a80000)
  eden space 7488K,   0% used [0x03530000, 0x03530000, 0x03c80000)
  from space 896K, 100% used [0x03d60000, 0x03e40000, 0x03e40000)
  to   space 896K,   0% used [0x03c80000, 0x03c80000, 0x03d60000)
 tenured generation   total 18456K, used 18424K [0x18a80000, 0x19c86000, 0x43530000)
   the space 18456K,  99% used [0x18a80000, 0x19c7e210, 0x19c7e400, 0x19c86000)
 compacting perm gen  total 12288K, used 3647K [0x43530000, 0x44130000, 0x47530000)
   the space 12288K,  29% used [0x43530000, 0x438bff48, 0x438c0000, 0x44130000)
No shared spaces configured.
}
Event: 3.533 GC heap before
{Heap before GC invocations=22 (full 1):
 def new generation   total 8384K, used 8384K [0x03530000, 0x03e40000, 0x18a80000)
  eden space 7488K, 100% used [0x03530000, 0x03c80000, 0x03c80000)
  from space 896K, 100% used [0x03d60000, 0x03e40000, 0x03e40000)
  to   space 896K,   0% used [0x03c80000, 0x03c80000, 0x03d60000)
 tenured generation   total 18456K, used 18424K [0x18a80000, 0x19c86000, 0x43530000)
   the space 18456K,  99% used [0x18a80000, 0x19c7e210, 0x19c7e400, 0x19c86000)
 compacting perm gen  total 12288K, used 3647K [0x43530000, 0x44130000, 0x47530000)
   the space 12288K,  29% used [0x43530000, 0x438bff58, 0x438c0000, 0x44130000)
No shared spaces configured.
Event: 3.662 GC heap after
Heap after GC invocations=23 (full 2):
 def new generation   total 14272K, used 0K [0x03530000, 0x044a0000, 0x18a80000)
  eden space 12736K,   0% used [0x03530000, 0x03530000, 0x041a0000)
  from space 1536K,   0% used [0x041a0000, 0x041a0000, 0x04320000)
  to   space 1536K,   0% used [0x04320000, 0x04320000, 0x044a0000)
 tenured generation   total 31524K, used 18912K [0x18a80000, 0x1a949000, 0x43530000)
   the space 31524K,  59% used [0x18a80000, 0x19cf8320, 0x19cf8400, 0x1a949000)
 compacting perm gen  total 12288K, used 3647K [0x43530000, 0x44130000, 0x47530000)
   the space 12288K,  29% used [0x43530000, 0x438bff58, 0x438c0000, 0x44130000)
No shared spaces configured.
}

Deoptimization events (0 events):
No events

Internal exceptions (10 events):
Event: 1.985 Thread 0x4997a400 Threw 0x0357a038 at C:\jdk7u2_32P\jdk7u25\hotspot\src\share\vm\prims\jvm.cpp:1235
Event: 2.037 Thread 0x4998cc00 Threw 0x0362ce78 at C:\jdk7u2_32P\jdk7u25\hotspot\src\share\vm\prims\jvm.cpp:1235
Event: 2.129 Thread 0x49993400 Threw 0x03944c30 at C:\jdk7u2_32P\jdk7u25\hotspot\src\share\vm\prims\jvm.cpp:1235
Event: 2.155 Thread 0x012eb800 Threw 0x03530b78 at C:\jdk7u2_32P\jdk7u25\hotspot\src\share\vm\prims\jvm.cpp:1235
Event: 2.226 Thread 0x012eb800 Threw 0x036785b0 at C:\jdk7u2_32P\jdk7u25\hotspot\src\share\vm\prims\jvm.cpp:1235
Event: 2.248 Thread 0x012eb800 Threw 0x0393d3a8 at C:\jdk7u2_32P\jdk7u25\hotspot\src\share\vm\prims\jvm.cpp:1235
Event: 2.248 Thread 0x012eb800 Threw 0x0393f5c8 at C:\jdk7u2_32P\jdk7u25\hotspot\src\share\vm\prims\jvm.cpp:1235
Event: 2.640 Thread 0x012eb800 Threw 0x038dc450 at C:\jdk7u2_32P\jdk7u25\hotspot\src\share\vm\prims\jvm.cpp:1235
Event: 2.897 Thread 0x012eb800 Threw 0x038df258 at C:\jdk7u2_32P\jdk7u25\hotspot\src\share\vm\prims\jvm.cpp:1235
Event: 3.444 Thread 0x4997a400 Threw 0x03706ee8 at C:\jdk7u2_32P\jdk7u25\hotspot\src\share\vm\prims\jvm.cpp:1235

Events (10 events):
Event: 3.365 Executing VM operation: GenCollectForAllocation
Event: 3.375 Executing VM operation: GenCollectForAllocation done
Event: 3.419 Executing VM operation: GenCollectForAllocation
Event: 3.429 Executing VM operation: GenCollectForAllocation done
Event: 3.444 loading class 0x4987e118
Event: 3.444 loading class 0x4987e118 done
Event: 3.471 Executing VM operation: GenCollectForAllocation
Event: 3.480 Executing VM operation: GenCollectForAllocation done
Event: 3.533 Executing VM operation: GenCollectForAllocation
Event: 3.662 Executing VM operation: GenCollectForAllocation done


Dynamic libraries:
0x000c0000 - 0x000ef000 	C:\Program Files\Java\jdk1.7.0_25\bin\java.exe
0x77840000 - 0x7797c000 	C:\windows\SYSTEM32\ntdll.dll
0x75f70000 - 0x76044000 	C:\windows\system32\kernel32.dll
0x75c40000 - 0x75c8b000 	C:\windows\system32\KERNELBASE.dll
0x779d0000 - 0x77a70000 	C:\windows\system32\ADVAPI32.dll
0x76400000 - 0x764ac000 	C:\windows\system32\msvcrt.dll
0x75db0000 - 0x75dc9000 	C:\windows\SYSTEM32\sechost.dll
0x77790000 - 0x77831000 	C:\windows\system32\RPCRT4.dll
0x76260000 - 0x76329000 	C:\windows\system32\USER32.dll
0x76740000 - 0x7678e000 	C:\windows\system32\GDI32.dll
0x779a0000 - 0x779aa000 	C:\windows\system32\LPK.dll
0x76170000 - 0x7620e000 	C:\windows\system32\USP10.dll
0x74920000 - 0x74abe000 	C:\windows\WinSxS\x86_microsoft.windows.common-controls_6595b64144ccf1df_6.0.7600.16661_none_420fe3fa2b8113bd\COMCTL32.dll
0x75d50000 - 0x75da7000 	C:\windows\system32\SHLWAPI.dll
0x76240000 - 0x7625f000 	C:\windows\system32\IMM32.DLL
0x76330000 - 0x763fc000 	C:\windows\system32\MSCTF.dll
0x69200000 - 0x692be000 	C:\Program Files\Java\jdk1.7.0_25\jre\bin\msvcr100.dll
0x56bb0000 - 0x56ef2000 	C:\Program Files\Java\jdk1.7.0_25\jre\bin\client\jvm.dll
0x6c6e0000 - 0x6c6e7000 	C:\windows\system32\WSOCK32.dll
0x764b0000 - 0x764e5000 	C:\windows\system32\WS2_32.dll
0x779b0000 - 0x779b6000 	C:\windows\system32\NSI.dll
0x741a0000 - 0x741d2000 	C:\windows\system32\WINMM.dll
0x779c0000 - 0x779c5000 	C:\windows\system32\PSAPI.DLL
0x74d60000 - 0x74d6c000 	C:\Program Files\Java\jdk1.7.0_25\jre\bin\verify.dll
0x74d40000 - 0x74d60000 	C:\Program Files\Java\jdk1.7.0_25\jre\bin\java.dll
0x74b60000 - 0x74b73000 	C:\Program Files\Java\jdk1.7.0_25\jre\bin\zip.dll
0x74cd0000 - 0x74ce4000 	C:\Program Files\Java\jdk1.7.0_25\jre\bin\net.dll
0x75410000 - 0x7544c000 	C:\windows\system32\mswsock.dll
0x75400000 - 0x75406000 	C:\windows\System32\wship6.dll
0x74b50000 - 0x74b5f000 	C:\Program Files\Java\jdk1.7.0_25\jre\bin\nio.dll
0x67730000 - 0x6781b000 	C:\windows\system32\dbghelp.dll

VM Arguments:
jvm_args: -Djava.awt.headless=true -Xmx1024M -Dfile.encoding=windows-1252 -Duser.country=US -Duser.language=en -Duser.variant 
java_command: com.android.dx.command.Main --dex --force-jumbo --num-threads=4 --output C:\Users\Chyma\Videos\C#\iwin2\app\build\intermediates\pre-dexed\debug\com.android.support-appcompat-v7-23.3.0_d3ae9852fac2f398708dd6b5112558a818b34f86.jar C:\Users\Chyma\Videos\C#\iwin2\app\build\intermediates\exploded-aar\com.android.support\appcompat-v7\23.3.0\jars\classes.jar
Launcher Type: SUN_STANDARD

Environment Variables:
JAVA_HOME=C:\Program Files\Java\jdk1.7.0_25
PATH=C:\Program Files\Common Files\Microsoft Shared\Windows Live;C:\windows\system32;C:\windows;C:\windows\System32\Wbem;C:\windows\System32\WindowsPowerShell\v1.0\;c:\Program Files\Common Files\Roxio Shared\DLLShared\;c:\Program Files\Common Files\Roxio Shared\10.0\DLLShared\;C:\Program Files\MATLAB\R2010BC\runtime\win32;C:\Program Files\MATLAB\R2010BC\bin;C:\Program Files\Microsoft ASP.NET\ASP.NET Web Pages\v1.0\;C:\Program Files\Windows Kits\8.0\Windows Performance Toolkit\;C:\Program Files\Microsoft SQL Server\110\Tools\Binn\;C:\Program Files\nodejs\;C:\Program Files\Windows Live\Shared;C:\Program Files\Microsoft\Web Platform Installer\;c:\Program Files\Microsoft SQL Server\100\Tools\Binn\VSShell\Common7\IDE\;c:\Program Files\Microsoft SQL Server\100\Tools\Binn\;c:\Program Files\Microsoft SQL Server\100\DTS\Binn\;C:\Program Files\Java\jdk1.7.0_25\bin;M2_HOME\bin;0X1.26BDC0P+367NT_HOME\bin;0X1.4FAB40P+367XIS2_HOME\bin;C:\Program Files\TortoiseHg\;C:\Users\Chyma\AppData\Roaming\npm
USERNAME=Chyma
OS=Windows_NT
PROCESSOR_IDENTIFIER=x86 Family 6 Model 23 Stepping 10, GenuineIntel



---------------  S Y S T E M  ---------------

OS: Windows 7 Build 7600 

CPU:total 2 (2 cores per cpu, 1 threads per core) family 6 model 23 stepping 10, cmov, cx8, fxsr, mmx, sse, sse2, sse3, ssse3, tsc

Memory: 4k page, physical 2023696k(209528k free), swap 2943992k(33324k free)

vm_info: Java HotSpot(TM) Client VM (23.25-b01) for windows-x86 JRE (1.7.0_25-b17), built on Jun 21 2013 13:06:48 by "java_re" with unknown MS VC++:1600

time: Wed May 11 00:57:58 2016
elapsed time: 4 seconds

